21:05:41:393  INFO 18300 --- [main] com.hmall.HMallApplication               : Starting HMallApplication using Java 11.0.2 on ChengLu with PID 18300 (A:\workspace\hmall\hm-service\target\classes started by 92872 in A:\workspace\hmall)
21:05:41:400 DEBUG 18300 --- [main] com.hmall.HMallApplication               : Running with Spring Boot v2.7.12, Spring v5.3.27
21:05:41:400  INFO 18300 --- [main] com.hmall.HMallApplication               : The following 1 profile is active: "local"
21:05:42:886  INFO 18300 --- [main] .s.d.r.c.RepositoryConfigurationDelegate : Multiple Spring Data modules found, entering strict repository configuration mode
21:05:42:888  INFO 18300 --- [main] .s.d.r.c.RepositoryConfigurationDelegate : Bootstrapping Spring Data Redis repositories in DEFAULT mode.
21:05:42:927  INFO 18300 --- [main] .s.d.r.c.RepositoryConfigurationDelegate : Finished Spring Data repository scanning in 17 ms. Found 0 Redis repository interfaces.
21:05:43:397  INFO 18300 --- [main] o.s.b.w.embedded.tomcat.TomcatWebServer  : Tomcat initialized with port(s): 8080 (http)
21:05:43:403  INFO 18300 --- [main] o.apache.catalina.core.StandardService   : Starting service [Tomcat]
21:05:43:403  INFO 18300 --- [main] org.apache.catalina.core.StandardEngine  : Starting Servlet engine: [Apache Tomcat/9.0.75]
21:05:43:505  INFO 18300 --- [main] o.a.c.c.C.[Tomcat].[localhost].[/]       : Initializing Spring embedded WebApplicationContext
21:05:43:505  INFO 18300 --- [main] w.s.c.ServletWebServerApplicationContext : Root WebApplicationContext: initialization completed in 2056 ms
21:05:46:046  INFO 18300 --- [main] pertySourcedRequestMappingHandlerMapping : Mapped URL path [/v2/api-docs] onto method [springfox.documentation.swagger2.web.Swagger2ControllerWebMvc#getDocumentation(String, HttpServletRequest)]
21:05:46:451  WARN 18300 --- [main] ConfigServletWebServerApplicationContext : Exception encountered during context initialization - cancelling refresh attempt: org.springframework.context.ApplicationContextException: Failed to start bean 'webServerStartStop'; nested exception is org.springframework.boot.web.server.PortInUseException: Port 8080 is already in use
21:05:46:477  INFO 18300 --- [main] o.apache.catalina.core.StandardService   : Stopping service [Tomcat]
21:05:46:485  INFO 18300 --- [main] ConditionEvaluationReportLoggingListener : 

Error starting ApplicationContext. To display the conditions report re-run your application with 'debug' enabled.
21:05:46:502 ERROR 18300 --- [main] o.s.b.d.LoggingFailureAnalysisReporter   : 

***************************
APPLICATION FAILED TO START
***************************

Description:

Web server failed to start. Port 8080 was already in use.

Action:

Identify and stop the process that's listening on port 8080 or configure this application to listen on another port.

