17:30:09:513  INFO 21248 --- [main] com.hmall.cart.CartApplication           : Starting CartApplication using Java 11.0.2 on ChengLu with PID 21248 (A:\workspace\hmall\cart-service\target\classes started by 92872 in A:\workspace\hmall)
17:30:09:515 DEBUG 21248 --- [main] com.hmall.cart.CartApplication           : Running with Spring Boot v2.7.12, Spring v5.3.27
17:30:09:515  INFO 21248 --- [main] com.hmall.cart.CartApplication           : The following 1 profile is active: "local"
17:30:10:358  INFO 21248 --- [main] o.s.b.w.embedded.tomcat.TomcatWebServer  : Tomcat initialized with port(s): 8082 (http)
17:30:10:365  INFO 21248 --- [main] o.apache.catalina.core.StandardService   : Starting service [Tomcat]
17:30:10:366  INFO 21248 --- [main] org.apache.catalina.core.StandardEngine  : Starting Servlet engine: [Apache Tomcat/9.0.75]
17:30:10:446  INFO 21248 --- [main] o.a.c.c.C.[Tomcat].[localhost].[/]       : Initializing Spring embedded WebApplicationContext
17:30:10:446  INFO 21248 --- [main] w.s.c.ServletWebServerApplicationContext : Root WebApplicationContext: initialization completed in 901 ms
17:30:11:402  INFO 21248 --- [main] pertySourcedRequestMappingHandlerMapping : Mapped URL path [/v2/api-docs] onto method [springfox.documentation.swagger2.web.Swagger2ControllerWebMvc#getDocumentation(String, HttpServletRequest)]
17:30:11:454  INFO 21248 --- [main] o.s.b.w.embedded.tomcat.TomcatWebServer  : Tomcat started on port(s): 8082 (http) with context path ''
17:30:11:455  INFO 21248 --- [main] d.s.w.p.DocumentationPluginsBootstrapper : Documentation plugins bootstrapped
17:30:11:457  INFO 21248 --- [main] d.s.w.p.DocumentationPluginsBootstrapper : Found 1 custom documentation plugin(s)
17:30:11:472  INFO 21248 --- [main] s.d.s.w.s.ApiListingReferenceScanner     : Scanning for api listing references
17:30:11:543  INFO 21248 --- [main] com.hmall.cart.CartApplication           : Started CartApplication in 2.291 seconds (JVM running for 3.278)
17:30:31:521  INFO 21248 --- [http-nio-8082-exec-1] o.a.c.c.C.[Tomcat].[localhost].[/]       : Initializing Spring DispatcherServlet 'dispatcherServlet'
17:30:31:523  INFO 21248 --- [http-nio-8082-exec-1] o.s.web.servlet.DispatcherServlet        : Initializing Servlet 'dispatcherServlet'
17:30:31:525  INFO 21248 --- [http-nio-8082-exec-1] o.s.web.servlet.DispatcherServlet        : Completed initialization in 1 ms
17:30:39:245  INFO 21248 --- [http-nio-8082-exec-7] com.zaxxer.hikari.HikariDataSource       : HikariPool-1 - Starting...
17:30:39:525  INFO 21248 --- [http-nio-8082-exec-7] com.zaxxer.hikari.HikariDataSource       : HikariPool-1 - Start completed.
17:30:39:531 DEBUG 21248 --- [http-nio-8082-exec-7] c.h.cart.mapper.CartMapper.selectList    : ==>  Preparing: SELECT id,user_id,item_id,num,name,spec,price,image,create_time,update_time FROM cart WHERE (user_id = ?)
17:30:39:549 DEBUG 21248 --- [http-nio-8082-exec-7] c.h.cart.mapper.CartMapper.selectList    : ==> Parameters: null
17:30:39:568 DEBUG 21248 --- [http-nio-8082-exec-7] c.h.cart.mapper.CartMapper.selectList    : <==      Total: 0
17:53:33:168  INFO 21248 --- [SpringApplicationShutdownHook] com.zaxxer.hikari.HikariDataSource       : HikariPool-1 - Shutdown initiated...
17:53:33:180  INFO 21248 --- [SpringApplicationShutdownHook] com.zaxxer.hikari.HikariDataSource       : HikariPool-1 - Shutdown completed.
17:53:39:360  INFO 22860 --- [main] com.hmall.cart.CartApplication           : Starting CartApplication using Java 11.0.2 on ChengLu with PID 22860 (A:\workspace\hmall\cart-service\target\classes started by 92872 in A:\workspace\hmall)
17:53:39:362 DEBUG 22860 --- [main] com.hmall.cart.CartApplication           : Running with Spring Boot v2.7.12, Spring v5.3.27
17:53:39:362  INFO 22860 --- [main] com.hmall.cart.CartApplication           : The following 1 profile is active: "local"
17:53:40:227  INFO 22860 --- [main] o.s.b.w.embedded.tomcat.TomcatWebServer  : Tomcat initialized with port(s): 8082 (http)
17:53:40:233  INFO 22860 --- [main] o.apache.catalina.core.StandardService   : Starting service [Tomcat]
17:53:40:233  INFO 22860 --- [main] org.apache.catalina.core.StandardEngine  : Starting Servlet engine: [Apache Tomcat/9.0.75]
17:53:40:295  INFO 22860 --- [main] o.a.c.c.C.[Tomcat].[localhost].[/]       : Initializing Spring embedded WebApplicationContext
17:53:40:295  INFO 22860 --- [main] w.s.c.ServletWebServerApplicationContext : Root WebApplicationContext: initialization completed in 903 ms
17:53:41:398  INFO 22860 --- [main] pertySourcedRequestMappingHandlerMapping : Mapped URL path [/v2/api-docs] onto method [springfox.documentation.swagger2.web.Swagger2ControllerWebMvc#getDocumentation(String, HttpServletRequest)]
17:53:41:460  INFO 22860 --- [main] o.s.b.w.embedded.tomcat.TomcatWebServer  : Tomcat started on port(s): 8082 (http) with context path ''
17:53:41:462  INFO 22860 --- [main] d.s.w.p.DocumentationPluginsBootstrapper : Documentation plugins bootstrapped
17:53:41:463  INFO 22860 --- [main] d.s.w.p.DocumentationPluginsBootstrapper : Found 1 custom documentation plugin(s)
17:53:41:481  INFO 22860 --- [main] s.d.s.w.s.ApiListingReferenceScanner     : Scanning for api listing references
17:53:41:563  INFO 22860 --- [main] com.hmall.cart.CartApplication           : Started CartApplication in 2.496 seconds (JVM running for 3.315)
17:53:58:414  INFO 22860 --- [http-nio-8082-exec-1] o.a.c.c.C.[Tomcat].[localhost].[/]       : Initializing Spring DispatcherServlet 'dispatcherServlet'
17:53:58:416  INFO 22860 --- [http-nio-8082-exec-1] o.s.web.servlet.DispatcherServlet        : Initializing Servlet 'dispatcherServlet'
17:53:58:417  INFO 22860 --- [http-nio-8082-exec-1] o.s.web.servlet.DispatcherServlet        : Completed initialization in 1 ms
17:53:58:503  INFO 22860 --- [http-nio-8082-exec-1] com.zaxxer.hikari.HikariDataSource       : HikariPool-1 - Starting...
17:53:58:679  INFO 22860 --- [http-nio-8082-exec-1] com.zaxxer.hikari.HikariDataSource       : HikariPool-1 - Start completed.
17:53:58:683 DEBUG 22860 --- [http-nio-8082-exec-1] c.h.cart.mapper.CartMapper.selectList    : ==>  Preparing: SELECT id,user_id,item_id,num,name,spec,price,image,create_time,update_time FROM cart WHERE (user_id = ?)
17:53:58:696 DEBUG 22860 --- [http-nio-8082-exec-1] c.h.cart.mapper.CartMapper.selectList    : ==> Parameters: null
17:53:58:709 DEBUG 22860 --- [http-nio-8082-exec-1] c.h.cart.mapper.CartMapper.selectList    : <==      Total: 0
18:10:01:620  INFO 22860 --- [SpringApplicationShutdownHook] com.zaxxer.hikari.HikariDataSource       : HikariPool-1 - Shutdown initiated...
18:10:01:634  INFO 22860 --- [SpringApplicationShutdownHook] com.zaxxer.hikari.HikariDataSource       : HikariPool-1 - Shutdown completed.
18:10:04:871  INFO 20620 --- [main] com.hmall.cart.CartApplication           : Starting CartApplication using Java 11.0.2 on ChengLu with PID 20620 (A:\workspace\hmall\cart-service\target\classes started by 92872 in A:\workspace\hmall)
18:10:04:873 DEBUG 20620 --- [main] com.hmall.cart.CartApplication           : Running with Spring Boot v2.7.12, Spring v5.3.27
18:10:04:873  INFO 20620 --- [main] com.hmall.cart.CartApplication           : The following 1 profile is active: "local"
18:10:05:595  INFO 20620 --- [main] o.s.b.w.embedded.tomcat.TomcatWebServer  : Tomcat initialized with port(s): 8082 (http)
18:10:05:601  INFO 20620 --- [main] o.apache.catalina.core.StandardService   : Starting service [Tomcat]
18:10:05:601  INFO 20620 --- [main] org.apache.catalina.core.StandardEngine  : Starting Servlet engine: [Apache Tomcat/9.0.75]
18:10:05:658  INFO 20620 --- [main] o.a.c.c.C.[Tomcat].[localhost].[/]       : Initializing Spring embedded WebApplicationContext
18:10:05:658  INFO 20620 --- [main] w.s.c.ServletWebServerApplicationContext : Root WebApplicationContext: initialization completed in 754 ms
18:10:06:731  INFO 20620 --- [main] pertySourcedRequestMappingHandlerMapping : Mapped URL path [/v2/api-docs] onto method [springfox.documentation.swagger2.web.Swagger2ControllerWebMvc#getDocumentation(String, HttpServletRequest)]
18:10:06:786  INFO 20620 --- [main] o.s.b.w.embedded.tomcat.TomcatWebServer  : Tomcat started on port(s): 8082 (http) with context path ''
18:10:06:787  INFO 20620 --- [main] d.s.w.p.DocumentationPluginsBootstrapper : Documentation plugins bootstrapped
18:10:06:789  INFO 20620 --- [main] d.s.w.p.DocumentationPluginsBootstrapper : Found 1 custom documentation plugin(s)
18:10:06:807  INFO 20620 --- [main] s.d.s.w.s.ApiListingReferenceScanner     : Scanning for api listing references
18:10:06:898  INFO 20620 --- [main] com.hmall.cart.CartApplication           : Started CartApplication in 2.285 seconds (JVM running for 3.007)
18:10:11:279  INFO 20620 --- [http-nio-8082-exec-2] o.a.c.c.C.[Tomcat].[localhost].[/]       : Initializing Spring DispatcherServlet 'dispatcherServlet'
18:10:11:281  INFO 20620 --- [http-nio-8082-exec-2] o.s.web.servlet.DispatcherServlet        : Initializing Servlet 'dispatcherServlet'
18:10:11:281  INFO 20620 --- [http-nio-8082-exec-2] o.s.web.servlet.DispatcherServlet        : Completed initialization in 0 ms
18:10:11:339  INFO 20620 --- [http-nio-8082-exec-2] com.zaxxer.hikari.HikariDataSource       : HikariPool-1 - Starting...
18:10:11:509  INFO 20620 --- [http-nio-8082-exec-2] com.zaxxer.hikari.HikariDataSource       : HikariPool-1 - Start completed.
18:10:11:513 DEBUG 20620 --- [http-nio-8082-exec-2] c.h.cart.mapper.CartMapper.selectList    : ==>  Preparing: SELECT id,user_id,item_id,num,name,spec,price,image,create_time,update_time FROM cart WHERE (user_id = ?)
18:10:11:526 DEBUG 20620 --- [http-nio-8082-exec-2] c.h.cart.mapper.CartMapper.selectList    : ==> Parameters: null
18:10:11:542 DEBUG 20620 --- [http-nio-8082-exec-2] c.h.cart.mapper.CartMapper.selectList    : <==      Total: 0
18:12:14:044  INFO 20620 --- [SpringApplicationShutdownHook] com.zaxxer.hikari.HikariDataSource       : HikariPool-1 - Shutdown initiated...
18:12:14:048  INFO 20620 --- [SpringApplicationShutdownHook] com.zaxxer.hikari.HikariDataSource       : HikariPool-1 - Shutdown completed.
18:12:17:662  INFO 11500 --- [main] com.hmall.cart.CartApplication           : Starting CartApplication using Java 11.0.2 on ChengLu with PID 11500 (A:\workspace\hmall\cart-service\target\classes started by 92872 in A:\workspace\hmall)
18:12:17:664 DEBUG 11500 --- [main] com.hmall.cart.CartApplication           : Running with Spring Boot v2.7.12, Spring v5.3.27
18:12:17:664  INFO 11500 --- [main] com.hmall.cart.CartApplication           : The following 1 profile is active: "local"
18:12:18:389  INFO 11500 --- [main] o.s.b.w.embedded.tomcat.TomcatWebServer  : Tomcat initialized with port(s): 8082 (http)
18:12:18:394  INFO 11500 --- [main] o.apache.catalina.core.StandardService   : Starting service [Tomcat]
18:12:18:394  INFO 11500 --- [main] org.apache.catalina.core.StandardEngine  : Starting Servlet engine: [Apache Tomcat/9.0.75]
18:12:18:447  INFO 11500 --- [main] o.a.c.c.C.[Tomcat].[localhost].[/]       : Initializing Spring embedded WebApplicationContext
18:12:18:447  INFO 11500 --- [main] w.s.c.ServletWebServerApplicationContext : Root WebApplicationContext: initialization completed in 753 ms
18:12:19:377  INFO 11500 --- [main] pertySourcedRequestMappingHandlerMapping : Mapped URL path [/v2/api-docs] onto method [springfox.documentation.swagger2.web.Swagger2ControllerWebMvc#getDocumentation(String, HttpServletRequest)]
18:12:19:427  INFO 11500 --- [main] o.s.b.w.embedded.tomcat.TomcatWebServer  : Tomcat started on port(s): 8082 (http) with context path ''
18:12:19:428  INFO 11500 --- [main] d.s.w.p.DocumentationPluginsBootstrapper : Documentation plugins bootstrapped
18:12:19:429  INFO 11500 --- [main] d.s.w.p.DocumentationPluginsBootstrapper : Found 1 custom documentation plugin(s)
18:12:19:444  INFO 11500 --- [main] s.d.s.w.s.ApiListingReferenceScanner     : Scanning for api listing references
18:12:19:509  INFO 11500 --- [main] com.hmall.cart.CartApplication           : Started CartApplication in 2.105 seconds (JVM running for 2.803)
18:12:55:050  INFO 4136 --- [main] com.hmall.cart.CartApplication           : Starting CartApplication using Java 11.0.2 on ChengLu with PID 4136 (A:\workspace\hmall\cart-service\target\classes started by 92872 in A:\workspace\hmall)
18:12:55:052 DEBUG 4136 --- [main] com.hmall.cart.CartApplication           : Running with Spring Boot v2.7.12, Spring v5.3.27
18:12:55:052  INFO 4136 --- [main] com.hmall.cart.CartApplication           : The following 1 profile is active: "local"
18:12:55:737  INFO 4136 --- [main] o.s.b.w.embedded.tomcat.TomcatWebServer  : Tomcat initialized with port(s): 8082 (http)
18:12:55:742  INFO 4136 --- [main] o.apache.catalina.core.StandardService   : Starting service [Tomcat]
18:12:55:742  INFO 4136 --- [main] org.apache.catalina.core.StandardEngine  : Starting Servlet engine: [Apache Tomcat/9.0.75]
18:12:55:795  INFO 4136 --- [main] o.a.c.c.C.[Tomcat].[localhost].[/]       : Initializing Spring embedded WebApplicationContext
18:12:55:795  INFO 4136 --- [main] w.s.c.ServletWebServerApplicationContext : Root WebApplicationContext: initialization completed in 717 ms
18:12:56:747  INFO 4136 --- [main] pertySourcedRequestMappingHandlerMapping : Mapped URL path [/v2/api-docs] onto method [springfox.documentation.swagger2.web.Swagger2ControllerWebMvc#getDocumentation(String, HttpServletRequest)]
18:12:56:799  INFO 4136 --- [main] o.s.b.w.embedded.tomcat.TomcatWebServer  : Tomcat started on port(s): 8082 (http) with context path ''
18:12:56:800  INFO 4136 --- [main] d.s.w.p.DocumentationPluginsBootstrapper : Documentation plugins bootstrapped
18:12:56:802  INFO 4136 --- [main] d.s.w.p.DocumentationPluginsBootstrapper : Found 1 custom documentation plugin(s)
18:12:56:816  INFO 4136 --- [main] s.d.s.w.s.ApiListingReferenceScanner     : Scanning for api listing references
18:12:56:887  INFO 4136 --- [main] com.hmall.cart.CartApplication           : Started CartApplication in 2.09 seconds (JVM running for 2.851)
18:13:00:245  INFO 4136 --- [http-nio-8082-exec-1] o.a.c.c.C.[Tomcat].[localhost].[/]       : Initializing Spring DispatcherServlet 'dispatcherServlet'
18:13:00:246  INFO 4136 --- [http-nio-8082-exec-1] o.s.web.servlet.DispatcherServlet        : Initializing Servlet 'dispatcherServlet'
18:13:00:247  INFO 4136 --- [http-nio-8082-exec-1] o.s.web.servlet.DispatcherServlet        : Completed initialization in 0 ms
18:13:00:319  INFO 4136 --- [http-nio-8082-exec-1] com.zaxxer.hikari.HikariDataSource       : HikariPool-1 - Starting...
18:13:00:489  INFO 4136 --- [http-nio-8082-exec-1] com.zaxxer.hikari.HikariDataSource       : HikariPool-1 - Start completed.
18:13:00:495 DEBUG 4136 --- [http-nio-8082-exec-1] c.h.cart.mapper.CartMapper.selectList    : ==>  Preparing: SELECT id,user_id,item_id,num,name,spec,price,image,create_time,update_time FROM cart WHERE (user_id = ?)
18:13:00:511 DEBUG 4136 --- [http-nio-8082-exec-1] c.h.cart.mapper.CartMapper.selectList    : ==> Parameters: 1(Integer)
18:13:00:532 DEBUG 4136 --- [http-nio-8082-exec-1] c.h.cart.mapper.CartMapper.selectList    : <==      Total: 1
23:45:22:728  INFO 4136 --- [SpringApplicationShutdownHook] com.zaxxer.hikari.HikariDataSource       : HikariPool-1 - Shutdown initiated...
23:45:22:738  INFO 4136 --- [SpringApplicationShutdownHook] com.zaxxer.hikari.HikariDataSource       : HikariPool-1 - Shutdown completed.
23:45:30:951  INFO 19312 --- [main] com.hmall.cart.CartApplication           : Starting CartApplication using Java 11.0.2 on ChengLu with PID 19312 (A:\workspace\hmall\cart-service\target\classes started by 92872 in A:\workspace\hmall)
23:45:30:953 DEBUG 19312 --- [main] com.hmall.cart.CartApplication           : Running with Spring Boot v2.7.12, Spring v5.3.27
23:45:30:953  INFO 19312 --- [main] com.hmall.cart.CartApplication           : The following 1 profile is active: "local"
23:45:31:704  INFO 19312 --- [main] o.s.cloud.context.scope.GenericScope     : BeanFactory id=680cf2d3-3a7b-3a1f-9e7a-e87f3d2c193f
23:45:31:935  INFO 19312 --- [main] o.s.b.w.embedded.tomcat.TomcatWebServer  : Tomcat initialized with port(s): 8082 (http)
23:45:31:941  INFO 19312 --- [main] o.apache.catalina.core.StandardService   : Starting service [Tomcat]
23:45:31:942  INFO 19312 --- [main] org.apache.catalina.core.StandardEngine  : Starting Servlet engine: [Apache Tomcat/9.0.75]
23:45:32:022  INFO 19312 --- [main] o.a.c.c.C.[Tomcat].[localhost].[/]       : Initializing Spring embedded WebApplicationContext
23:45:32:022  INFO 19312 --- [main] w.s.c.ServletWebServerApplicationContext : Root WebApplicationContext: initialization completed in 1039 ms
23:45:33:510  INFO 19312 --- [main] o.s.cloud.commons.util.InetUtils         : Cannot determine local hostname
23:45:35:007  INFO 19312 --- [main] o.s.cloud.commons.util.InetUtils         : Cannot determine local hostname
23:45:36:512  INFO 19312 --- [main] pertySourcedRequestMappingHandlerMapping : Mapped URL path [/v2/api-docs] onto method [springfox.documentation.swagger2.web.Swagger2ControllerWebMvc#getDocumentation(String, HttpServletRequest)]
23:45:36:641  INFO 19312 --- [main] com.alibaba.nacos.common.remote.client   : [RpcClientFactory] create a new rpc client of 176f97ec-e435-43bb-8742-79251d7f045a
23:45:36:668  INFO 19312 --- [main] org.reflections.Reflections              : Reflections took 14 ms to scan 1 urls, producing 3 keys and 6 values 
23:45:36:681  INFO 19312 --- [main] org.reflections.Reflections              : Reflections took 5 ms to scan 1 urls, producing 4 keys and 9 values 
23:45:36:687  INFO 19312 --- [main] org.reflections.Reflections              : Reflections took 4 ms to scan 1 urls, producing 3 keys and 10 values 
23:45:36:690  WARN 19312 --- [main] org.reflections.Reflections              : given scan urls are empty. set urls in the configuration
23:45:36:695  INFO 19312 --- [main] org.reflections.Reflections              : Reflections took 5 ms to scan 1 urls, producing 1 keys and 5 values 
23:45:36:701  INFO 19312 --- [main] org.reflections.Reflections              : Reflections took 5 ms to scan 1 urls, producing 1 keys and 7 values 
23:45:36:707  INFO 19312 --- [main] org.reflections.Reflections              : Reflections took 4 ms to scan 1 urls, producing 2 keys and 8 values 
23:45:36:708  WARN 19312 --- [main] org.reflections.Reflections              : given scan urls are empty. set urls in the configuration
23:45:36:709  INFO 19312 --- [main] com.alibaba.nacos.common.remote.client   : [176f97ec-e435-43bb-8742-79251d7f045a] RpcClient init label, labels = {module=naming, source=sdk}
23:45:36:711  INFO 19312 --- [main] com.alibaba.nacos.common.remote.client   : [176f97ec-e435-43bb-8742-79251d7f045a] RpcClient init, ServerListFactory = com.alibaba.nacos.client.naming.core.ServerListManager
23:45:36:711  INFO 19312 --- [main] com.alibaba.nacos.common.remote.client   : [176f97ec-e435-43bb-8742-79251d7f045a] Registry connection listener to current client:com.alibaba.nacos.client.naming.remote.gprc.redo.NamingGrpcRedoService
23:45:36:711  INFO 19312 --- [main] com.alibaba.nacos.common.remote.client   : [176f97ec-e435-43bb-8742-79251d7f045a] Register server push request handler:com.alibaba.nacos.client.naming.remote.gprc.NamingPushRequestHandler
23:45:36:712  INFO 19312 --- [main] com.alibaba.nacos.common.remote.client   : [176f97ec-e435-43bb-8742-79251d7f045a] Try to connect to server on start up, server: {serverIp = '192.168.240.100', server main port = 8848}
23:45:38:270  INFO 19312 --- [main] com.alibaba.nacos.common.remote.client   : [176f97ec-e435-43bb-8742-79251d7f045a] Success to connect to server [192.168.240.100:8848] on start up, connectionId = 1726328736793_192.168.240.1_55165
23:45:38:270  INFO 19312 --- [com.alibaba.nacos.client.remote.worker] com.alibaba.nacos.common.remote.client   : [176f97ec-e435-43bb-8742-79251d7f045a] Notify connected event to listeners.
23:45:38:272  INFO 19312 --- [main] com.alibaba.nacos.common.remote.client   : [176f97ec-e435-43bb-8742-79251d7f045a] Register server push request handler:com.alibaba.nacos.common.remote.client.RpcClient$ConnectResetRequestHandler
23:45:38:274  INFO 19312 --- [main] com.alibaba.nacos.common.remote.client   : [176f97ec-e435-43bb-8742-79251d7f045a] Register server push request handler:com.alibaba.nacos.common.remote.client.RpcClient$$Lambda$900/0x000000080068a440
23:45:38:331  INFO 19312 --- [main] o.s.b.w.embedded.tomcat.TomcatWebServer  : Tomcat started on port(s): 8082 (http) with context path ''
23:45:38:875  INFO 19312 --- [nacos-grpc-client-executor-6] com.alibaba.nacos.common.remote.client   : [176f97ec-e435-43bb-8742-79251d7f045a] Receive server push request, request = NotifySubscriberRequest, requestId = 2
23:45:38:876  INFO 19312 --- [nacos-grpc-client-executor-6] com.alibaba.nacos.common.remote.client   : [176f97ec-e435-43bb-8742-79251d7f045a] Ack server push request, request = NotifySubscriberRequest, requestId = 2
23:45:39:891  INFO 19312 --- [main] o.s.cloud.commons.util.InetUtils         : Cannot determine local hostname
23:45:39:906  INFO 19312 --- [main] c.a.c.n.registry.NacosServiceRegistry    : nacos registry, DEFAULT_GROUP cart-service 192.168.1.59:8082 register finished
23:45:39:907  INFO 19312 --- [main] d.s.w.p.DocumentationPluginsBootstrapper : Documentation plugins bootstrapped
23:45:39:908  INFO 19312 --- [main] d.s.w.p.DocumentationPluginsBootstrapper : Found 1 custom documentation plugin(s)
23:45:39:937  INFO 19312 --- [main] s.d.s.w.s.ApiListingReferenceScanner     : Scanning for api listing references
23:45:40:009  INFO 19312 --- [main] com.hmall.cart.CartApplication           : Started CartApplication in 11.151 seconds (JVM running for 12.083)
23:45:40:472  INFO 19312 --- [nacos-grpc-client-executor-10] com.alibaba.nacos.common.remote.client   : [176f97ec-e435-43bb-8742-79251d7f045a] Receive server push request, request = NotifySubscriberRequest, requestId = 3
23:45:40:488  INFO 19312 --- [nacos-grpc-client-executor-10] com.alibaba.nacos.common.remote.client   : [176f97ec-e435-43bb-8742-79251d7f045a] Ack server push request, request = NotifySubscriberRequest, requestId = 3
23:46:12:905  INFO 19312 --- [http-nio-8082-exec-1] o.a.c.c.C.[Tomcat].[localhost].[/]       : Initializing Spring DispatcherServlet 'dispatcherServlet'
23:46:12:905  INFO 19312 --- [http-nio-8082-exec-1] o.s.web.servlet.DispatcherServlet        : Initializing Servlet 'dispatcherServlet'
23:46:12:907  INFO 19312 --- [http-nio-8082-exec-1] o.s.web.servlet.DispatcherServlet        : Completed initialization in 2 ms
23:46:12:976  INFO 19312 --- [http-nio-8082-exec-1] com.zaxxer.hikari.HikariDataSource       : HikariPool-1 - Starting...
23:46:13:236  INFO 19312 --- [http-nio-8082-exec-1] com.zaxxer.hikari.HikariDataSource       : HikariPool-1 - Start completed.
23:46:13:240 DEBUG 19312 --- [http-nio-8082-exec-1] c.h.cart.mapper.CartMapper.selectList    : ==>  Preparing: SELECT id,user_id,item_id,num,name,spec,price,image,create_time,update_time FROM cart WHERE (user_id = ?)
23:46:13:257 DEBUG 19312 --- [http-nio-8082-exec-1] c.h.cart.mapper.CartMapper.selectList    : ==> Parameters: null
23:46:13:274 DEBUG 19312 --- [http-nio-8082-exec-1] c.h.cart.mapper.CartMapper.selectList    : <==      Total: 0
23:49:48:118 DEBUG 19312 --- [http-nio-8082-exec-9] c.h.cart.mapper.CartMapper.selectList    : ==>  Preparing: SELECT id,user_id,item_id,num,name,spec,price,image,create_time,update_time FROM cart WHERE (user_id = ?)
23:49:48:119 DEBUG 19312 --- [http-nio-8082-exec-9] c.h.cart.mapper.CartMapper.selectList    : ==> Parameters: null
23:49:48:120 DEBUG 19312 --- [http-nio-8082-exec-9] c.h.cart.mapper.CartMapper.selectList    : <==      Total: 0
23:49:51:491 DEBUG 19312 --- [http-nio-8082-exec-5] c.h.cart.mapper.CartMapper.selectList    : ==>  Preparing: SELECT id,user_id,item_id,num,name,spec,price,image,create_time,update_time FROM cart WHERE (user_id = ?)
23:49:51:492 DEBUG 19312 --- [http-nio-8082-exec-5] c.h.cart.mapper.CartMapper.selectList    : ==> Parameters: null
23:49:51:494 DEBUG 19312 --- [http-nio-8082-exec-5] c.h.cart.mapper.CartMapper.selectList    : <==      Total: 0
23:50:06:149  WARN 19312 --- [Thread-7] c.a.n.common.http.HttpClientBeanHolder   : [HttpClientBeanHolder] Start destroying common HttpClient
23:50:06:150  WARN 19312 --- [Thread-4] c.a.nacos.common.notify.NotifyCenter     : [NotifyCenter] Start destroying Publisher
23:50:06:150  WARN 19312 --- [Thread-4] c.a.nacos.common.notify.NotifyCenter     : [NotifyCenter] Destruction of the end
23:50:06:150  WARN 19312 --- [Thread-7] c.a.n.common.http.HttpClientBeanHolder   : [HttpClientBeanHolder] Destruction of the end
23:50:06:423  INFO 19312 --- [SpringApplicationShutdownHook] c.a.c.n.registry.NacosServiceRegistry    : De-registering from Nacos Server now...
23:50:06:433  INFO 19312 --- [SpringApplicationShutdownHook] c.a.c.n.registry.NacosServiceRegistry    : De-registration finished.
23:50:06:772  INFO 19312 --- [SpringApplicationShutdownHook] com.alibaba.nacos.common.remote.client   : Shutdown rpc client, set status to shutdown
23:50:06:773  INFO 19312 --- [SpringApplicationShutdownHook] com.alibaba.nacos.common.remote.client   : Shutdown client event executor java.util.concurrent.ScheduledThreadPoolExecutor@590cf14[Running, pool size = 2, active threads = 2, queued tasks = 0, completed tasks = 0]
23:50:06:773  INFO 19312 --- [SpringApplicationShutdownHook] com.alibaba.nacos.common.remote.client   : Close current connection 1726328736793_192.168.240.1_55165
23:50:06:775  INFO 19312 --- [SpringApplicationShutdownHook] c.a.n.c.remote.client.grpc.GrpcClient    : Shutdown grpc executor java.util.concurrent.ThreadPoolExecutor@f216704[Running, pool size = 5, active threads = 0, queued tasks = 0, completed tasks = 75]
23:50:06:778  INFO 19312 --- [SpringApplicationShutdownHook] com.zaxxer.hikari.HikariDataSource       : HikariPool-1 - Shutdown initiated...
23:50:06:793  INFO 19312 --- [SpringApplicationShutdownHook] com.zaxxer.hikari.HikariDataSource       : HikariPool-1 - Shutdown completed.
