00:15:31:664 DEBUG 5404 --- [http-nio-8081-exec-2] c.h.i.mapper.ItemMapper.selectBatchIds   : ==>  Preparing: SELECT id,name,price,stock,image,category,brand,spec,sold,comment_count,isAD,status,create_time,update_time,creater,updater FROM item WHERE id IN ( ? )
00:15:31:668 DEBUG 5404 --- [http-nio-8081-exec-2] c.h.i.mapper.ItemMapper.selectBatchIds   : ==> Parameters: 100000006163(Long)
00:15:31:672 DEBUG 5404 --- [http-nio-8081-exec-2] c.h.i.mapper.ItemMapper.selectBatchIds   : <==      Total: 1
00:31:00:860  WARN 5404 --- [Thread-7] c.a.n.common.http.HttpClientBeanHolder   : [HttpClientBeanHolder] Start destroying common HttpClient
00:31:00:860  WARN 5404 --- [Thread-4] c.a.nacos.common.notify.NotifyCenter     : [NotifyCenter] Start destroying Publisher
00:31:00:862  WARN 5404 --- [Thread-7] c.a.n.common.http.HttpClientBeanHolder   : [HttpClientBeanHolder] Destruction of the end
00:31:00:870  WARN 5404 --- [Thread-4] c.a.nacos.common.notify.NotifyCenter     : [NotifyCenter] Destruction of the end
00:31:01:208  INFO 5404 --- [SpringApplicationShutdownHook] c.a.c.n.registry.NacosServiceRegistry    : De-registering from Nacos Server now...
00:31:01:212  INFO 5404 --- [SpringApplicationShutdownHook] c.a.c.n.registry.NacosServiceRegistry    : De-registration finished.
00:31:01:543  INFO 5404 --- [SpringApplicationShutdownHook] com.alibaba.nacos.common.remote.client   : Shutdown rpc client, set status to shutdown
00:31:01:543  INFO 5404 --- [SpringApplicationShutdownHook] com.alibaba.nacos.common.remote.client   : Shutdown client event executor java.util.concurrent.ScheduledThreadPoolExecutor@5c665e1d[Running, pool size = 2, active threads = 2, queued tasks = 0, completed tasks = 0]
00:31:01:543  INFO 5404 --- [SpringApplicationShutdownHook] com.alibaba.nacos.common.remote.client   : Close current connection 1726328978033_192.168.240.1_55356
00:31:01:547  INFO 5404 --- [nacos-grpc-client-executor-522] c.a.n.c.remote.client.grpc.GrpcClient    : [1726328978033_192.168.240.1_55356]Ignore complete event,isRunning:false,isAbandon=false
00:31:01:548  INFO 5404 --- [SpringApplicationShutdownHook] c.a.n.c.remote.client.grpc.GrpcClient    : Shutdown grpc executor java.util.concurrent.ThreadPoolExecutor@94d8d92[Running, pool size = 5, active threads = 0, queued tasks = 0, completed tasks = 523]
00:31:01:555  INFO 5404 --- [SpringApplicationShutdownHook] com.zaxxer.hikari.HikariDataSource       : HikariPool-1 - Shutdown initiated...
00:31:01:571  INFO 5404 --- [SpringApplicationShutdownHook] com.zaxxer.hikari.HikariDataSource       : HikariPool-1 - Shutdown completed.
00:31:07:479  INFO 24572 --- [main] com.hmall.item.ItemApplication           : Starting ItemApplication using Java 11.0.2 on ChengLu with PID 24572 (A:\workspace\hmall\item-service\target\classes started by 92872 in A:\workspace\hmall)
00:31:07:480 DEBUG 24572 --- [main] com.hmall.item.ItemApplication           : Running with Spring Boot v2.7.12, Spring v5.3.27
00:31:07:481  INFO 24572 --- [main] com.hmall.item.ItemApplication           : The following 1 profile is active: "local"
00:31:08:039  INFO 24572 --- [main] o.s.cloud.context.scope.GenericScope     : BeanFactory id=34af7032-8c77-341e-ba46-07b62f1fe288
00:31:08:232  INFO 24572 --- [main] o.s.b.w.embedded.tomcat.TomcatWebServer  : Tomcat initialized with port(s): 8081 (http)
00:31:08:238  INFO 24572 --- [main] o.apache.catalina.core.StandardService   : Starting service [Tomcat]
00:31:08:238  INFO 24572 --- [main] org.apache.catalina.core.StandardEngine  : Starting Servlet engine: [Apache Tomcat/9.0.75]
00:31:08:315  INFO 24572 --- [main] o.a.c.c.C.[Tomcat].[localhost].[/]       : Initializing Spring embedded WebApplicationContext
00:31:08:315  INFO 24572 --- [main] w.s.c.ServletWebServerApplicationContext : Root WebApplicationContext: initialization completed in 808 ms
00:31:11:431  INFO 24572 --- [main] o.s.cloud.commons.util.InetUtils         : Cannot determine local hostname
00:31:11:484  INFO 24572 --- [main] pertySourcedRequestMappingHandlerMapping : Mapped URL path [/v2/api-docs] onto method [springfox.documentation.swagger2.web.Swagger2ControllerWebMvc#getDocumentation(String, HttpServletRequest)]
00:31:13:344  INFO 24572 --- [main] o.s.cloud.commons.util.InetUtils         : Cannot determine local hostname
00:31:13:437  INFO 24572 --- [main] com.alibaba.nacos.common.remote.client   : [RpcClientFactory] create a new rpc client of 180e79a3-5649-4e1b-b80a-4234f9448d44
00:31:13:467  INFO 24572 --- [main] org.reflections.Reflections              : Reflections took 17 ms to scan 1 urls, producing 3 keys and 6 values 
00:31:13:487  INFO 24572 --- [main] org.reflections.Reflections              : Reflections took 8 ms to scan 1 urls, producing 4 keys and 9 values 
00:31:13:494  INFO 24572 --- [main] org.reflections.Reflections              : Reflections took 5 ms to scan 1 urls, producing 3 keys and 10 values 
00:31:13:496  WARN 24572 --- [main] org.reflections.Reflections              : given scan urls are empty. set urls in the configuration
00:31:13:502  INFO 24572 --- [main] org.reflections.Reflections              : Reflections took 6 ms to scan 1 urls, producing 1 keys and 5 values 
00:31:13:508  INFO 24572 --- [main] org.reflections.Reflections              : Reflections took 4 ms to scan 1 urls, producing 1 keys and 7 values 
00:31:13:516  INFO 24572 --- [main] org.reflections.Reflections              : Reflections took 6 ms to scan 1 urls, producing 2 keys and 8 values 
00:31:13:518  WARN 24572 --- [main] org.reflections.Reflections              : given scan urls are empty. set urls in the configuration
00:31:13:519  INFO 24572 --- [main] com.alibaba.nacos.common.remote.client   : [180e79a3-5649-4e1b-b80a-4234f9448d44] RpcClient init label, labels = {module=naming, source=sdk}
00:31:13:520  INFO 24572 --- [main] com.alibaba.nacos.common.remote.client   : [180e79a3-5649-4e1b-b80a-4234f9448d44] RpcClient init, ServerListFactory = com.alibaba.nacos.client.naming.core.ServerListManager
00:31:13:520  INFO 24572 --- [main] com.alibaba.nacos.common.remote.client   : [180e79a3-5649-4e1b-b80a-4234f9448d44] Registry connection listener to current client:com.alibaba.nacos.client.naming.remote.gprc.redo.NamingGrpcRedoService
00:31:13:521  INFO 24572 --- [main] com.alibaba.nacos.common.remote.client   : [180e79a3-5649-4e1b-b80a-4234f9448d44] Register server push request handler:com.alibaba.nacos.client.naming.remote.gprc.NamingPushRequestHandler
00:31:13:522  INFO 24572 --- [main] com.alibaba.nacos.common.remote.client   : [180e79a3-5649-4e1b-b80a-4234f9448d44] Try to connect to server on start up, server: {serverIp = '192.168.240.100', server main port = 8848}
00:31:15:055  INFO 24572 --- [main] com.alibaba.nacos.common.remote.client   : [180e79a3-5649-4e1b-b80a-4234f9448d44] Success to connect to server [192.168.240.100:8848] on start up, connectionId = 1726331473623_192.168.240.1_56386
00:31:15:055  INFO 24572 --- [main] com.alibaba.nacos.common.remote.client   : [180e79a3-5649-4e1b-b80a-4234f9448d44] Register server push request handler:com.alibaba.nacos.common.remote.client.RpcClient$ConnectResetRequestHandler
00:31:15:056  INFO 24572 --- [main] com.alibaba.nacos.common.remote.client   : [180e79a3-5649-4e1b-b80a-4234f9448d44] Register server push request handler:com.alibaba.nacos.common.remote.client.RpcClient$$Lambda$900/0x0000000800682440
00:31:15:055  INFO 24572 --- [com.alibaba.nacos.client.remote.worker] com.alibaba.nacos.common.remote.client   : [180e79a3-5649-4e1b-b80a-4234f9448d44] Notify connected event to listeners.
00:31:15:104  INFO 24572 --- [main] o.s.b.w.embedded.tomcat.TomcatWebServer  : Tomcat started on port(s): 8081 (http) with context path ''
00:31:15:113  INFO 24572 --- [main] c.a.c.n.registry.NacosServiceRegistry    : nacos registry, DEFAULT_GROUP item-service 192.168.1.59:8081 register finished
00:31:15:625  INFO 24572 --- [nacos-grpc-client-executor-9] com.alibaba.nacos.common.remote.client   : [180e79a3-5649-4e1b-b80a-4234f9448d44] Receive server push request, request = NotifySubscriberRequest, requestId = 12
00:31:15:642  INFO 24572 --- [nacos-grpc-client-executor-9] com.alibaba.nacos.common.remote.client   : [180e79a3-5649-4e1b-b80a-4234f9448d44] Ack server push request, request = NotifySubscriberRequest, requestId = 12
00:31:16:583  INFO 24572 --- [main] o.s.cloud.commons.util.InetUtils         : Cannot determine local hostname
00:31:16:583  INFO 24572 --- [main] d.s.w.p.DocumentationPluginsBootstrapper : Documentation plugins bootstrapped
00:31:16:587  INFO 24572 --- [main] d.s.w.p.DocumentationPluginsBootstrapper : Found 1 custom documentation plugin(s)
00:31:16:618  INFO 24572 --- [main] s.d.s.w.s.ApiListingReferenceScanner     : Scanning for api listing references
00:31:16:770  INFO 24572 --- [main] com.hmall.item.ItemApplication           : Started ItemApplication in 11.136 seconds (JVM running for 11.92)
00:34:41:778  WARN 24572 --- [Thread-4] c.a.nacos.common.notify.NotifyCenter     : [NotifyCenter] Start destroying Publisher
00:34:41:778  WARN 24572 --- [Thread-7] c.a.n.common.http.HttpClientBeanHolder   : [HttpClientBeanHolder] Start destroying common HttpClient
00:34:41:778  WARN 24572 --- [Thread-4] c.a.nacos.common.notify.NotifyCenter     : [NotifyCenter] Destruction of the end
00:34:41:779  WARN 24572 --- [Thread-7] c.a.n.common.http.HttpClientBeanHolder   : [HttpClientBeanHolder] Destruction of the end
00:34:42:101  INFO 24572 --- [SpringApplicationShutdownHook] c.a.c.n.registry.NacosServiceRegistry    : De-registering from Nacos Server now...
00:34:42:105  INFO 24572 --- [SpringApplicationShutdownHook] c.a.c.n.registry.NacosServiceRegistry    : De-registration finished.
00:34:42:429  INFO 24572 --- [SpringApplicationShutdownHook] com.alibaba.nacos.common.remote.client   : Shutdown rpc client, set status to shutdown
00:34:42:429  INFO 24572 --- [SpringApplicationShutdownHook] com.alibaba.nacos.common.remote.client   : Shutdown client event executor java.util.concurrent.ScheduledThreadPoolExecutor@5634db30[Running, pool size = 2, active threads = 2, queued tasks = 0, completed tasks = 0]
00:34:42:429  INFO 24572 --- [SpringApplicationShutdownHook] com.alibaba.nacos.common.remote.client   : Close current connection 1726331473623_192.168.240.1_56386
00:34:42:432  INFO 24572 --- [SpringApplicationShutdownHook] c.a.n.c.remote.client.grpc.GrpcClient    : Shutdown grpc executor java.util.concurrent.ThreadPoolExecutor@29ea07c4[Running, pool size = 4, active threads = 0, queued tasks = 0, completed tasks = 57]
13:45:42:389  INFO 18020 --- [main] com.hmall.item.ItemApplication           : Starting ItemApplication using Java 11.0.2 on ChengLu with PID 18020 (A:\workspace\hmall\item-service\target\classes started by 92872 in A:\workspace\hmall)
13:45:42:405 DEBUG 18020 --- [main] com.hmall.item.ItemApplication           : Running with Spring Boot v2.7.12, Spring v5.3.27
13:45:42:405  INFO 18020 --- [main] com.hmall.item.ItemApplication           : The following 1 profile is active: "local"
13:45:43:144  INFO 18020 --- [main] o.s.cloud.context.scope.GenericScope     : BeanFactory id=34af7032-8c77-341e-ba46-07b62f1fe288
13:45:43:379  INFO 18020 --- [main] o.s.b.w.embedded.tomcat.TomcatWebServer  : Tomcat initialized with port(s): 8081 (http)
13:45:43:395  INFO 18020 --- [main] o.apache.catalina.core.StandardService   : Starting service [Tomcat]
13:45:43:395  INFO 18020 --- [main] org.apache.catalina.core.StandardEngine  : Starting Servlet engine: [Apache Tomcat/9.0.75]
13:45:43:489  INFO 18020 --- [main] o.a.c.c.C.[Tomcat].[localhost].[/]       : Initializing Spring embedded WebApplicationContext
13:45:43:489  INFO 18020 --- [main] w.s.c.ServletWebServerApplicationContext : Root WebApplicationContext: initialization completed in 1053 ms
13:45:45:315  INFO 18020 --- [main] pertySourcedRequestMappingHandlerMapping : Mapped URL path [/v2/api-docs] onto method [springfox.documentation.swagger2.web.Swagger2ControllerWebMvc#getDocumentation(String, HttpServletRequest)]
13:45:45:896  INFO 18020 --- [main] com.alibaba.nacos.common.remote.client   : [RpcClientFactory] create a new rpc client of 5e8eace5-11a2-4798-ac56-5d7019fea7ea
13:45:45:944  INFO 18020 --- [main] org.reflections.Reflections              : Reflections took 32 ms to scan 1 urls, producing 3 keys and 6 values 
13:45:45:959  INFO 18020 --- [main] org.reflections.Reflections              : Reflections took 0 ms to scan 1 urls, producing 4 keys and 9 values 
13:45:45:959  INFO 18020 --- [main] org.reflections.Reflections              : Reflections took 0 ms to scan 1 urls, producing 3 keys and 10 values 
13:45:45:959  WARN 18020 --- [main] org.reflections.Reflections              : given scan urls are empty. set urls in the configuration
13:45:45:975  INFO 18020 --- [main] org.reflections.Reflections              : Reflections took 0 ms to scan 1 urls, producing 1 keys and 5 values 
13:45:45:975  INFO 18020 --- [main] org.reflections.Reflections              : Reflections took 0 ms to scan 1 urls, producing 1 keys and 7 values 
13:45:45:991  INFO 18020 --- [main] org.reflections.Reflections              : Reflections took 16 ms to scan 1 urls, producing 2 keys and 8 values 
13:45:45:991  WARN 18020 --- [main] org.reflections.Reflections              : given scan urls are empty. set urls in the configuration
13:45:45:991  INFO 18020 --- [main] com.alibaba.nacos.common.remote.client   : [5e8eace5-11a2-4798-ac56-5d7019fea7ea] RpcClient init label, labels = {module=naming, source=sdk}
13:45:45:991  INFO 18020 --- [main] com.alibaba.nacos.common.remote.client   : [5e8eace5-11a2-4798-ac56-5d7019fea7ea] RpcClient init, ServerListFactory = com.alibaba.nacos.client.naming.core.ServerListManager
13:45:45:991  INFO 18020 --- [main] com.alibaba.nacos.common.remote.client   : [5e8eace5-11a2-4798-ac56-5d7019fea7ea] Registry connection listener to current client:com.alibaba.nacos.client.naming.remote.gprc.redo.NamingGrpcRedoService
13:45:45:991  INFO 18020 --- [main] com.alibaba.nacos.common.remote.client   : [5e8eace5-11a2-4798-ac56-5d7019fea7ea] Register server push request handler:com.alibaba.nacos.client.naming.remote.gprc.NamingPushRequestHandler
13:45:45:991  INFO 18020 --- [main] com.alibaba.nacos.common.remote.client   : [5e8eace5-11a2-4798-ac56-5d7019fea7ea] Try to connect to server on start up, server: {serverIp = '192.168.240.100', server main port = 8848}
13:45:47:545  INFO 18020 --- [main] com.alibaba.nacos.common.remote.client   : [5e8eace5-11a2-4798-ac56-5d7019fea7ea] Success to connect to server [192.168.240.100:8848] on start up, connectionId = 1726379147367_192.168.240.1_57592
13:45:47:545  INFO 18020 --- [main] com.alibaba.nacos.common.remote.client   : [5e8eace5-11a2-4798-ac56-5d7019fea7ea] Register server push request handler:com.alibaba.nacos.common.remote.client.RpcClient$ConnectResetRequestHandler
13:45:47:545  INFO 18020 --- [main] com.alibaba.nacos.common.remote.client   : [5e8eace5-11a2-4798-ac56-5d7019fea7ea] Register server push request handler:com.alibaba.nacos.common.remote.client.RpcClient$$Lambda$900/0x0000000800683840
13:45:47:545  INFO 18020 --- [com.alibaba.nacos.client.remote.worker] com.alibaba.nacos.common.remote.client   : [5e8eace5-11a2-4798-ac56-5d7019fea7ea] Notify connected event to listeners.
13:45:47:592  INFO 18020 --- [main] o.s.b.w.embedded.tomcat.TomcatWebServer  : Tomcat started on port(s): 8081 (http) with context path ''
13:45:47:607  INFO 18020 --- [main] c.a.c.n.registry.NacosServiceRegistry    : nacos registry, DEFAULT_GROUP item-service 192.168.1.59:8081 register finished
13:45:47:970  INFO 18020 --- [main] d.s.w.p.DocumentationPluginsBootstrapper : Documentation plugins bootstrapped
13:45:47:970  INFO 18020 --- [main] d.s.w.p.DocumentationPluginsBootstrapper : Found 1 custom documentation plugin(s)
13:45:48:001  INFO 18020 --- [main] s.d.s.w.s.ApiListingReferenceScanner     : Scanning for api listing references
13:45:48:079  INFO 18020 --- [nacos-grpc-client-executor-9] com.alibaba.nacos.common.remote.client   : [5e8eace5-11a2-4798-ac56-5d7019fea7ea] Receive server push request, request = NotifySubscriberRequest, requestId = 14
13:45:48:095  INFO 18020 --- [nacos-grpc-client-executor-9] com.alibaba.nacos.common.remote.client   : [5e8eace5-11a2-4798-ac56-5d7019fea7ea] Ack server push request, request = NotifySubscriberRequest, requestId = 14
13:45:48:095  INFO 18020 --- [main] com.hmall.item.ItemApplication           : Started ItemApplication in 6.728 seconds (JVM running for 7.748)
14:19:29:407  INFO 18020 --- [http-nio-8081-exec-1] o.a.c.c.C.[Tomcat].[localhost].[/]       : Initializing Spring DispatcherServlet 'dispatcherServlet'
14:19:29:411  INFO 18020 --- [http-nio-8081-exec-1] o.s.web.servlet.DispatcherServlet        : Initializing Servlet 'dispatcherServlet'
14:19:29:442  INFO 18020 --- [http-nio-8081-exec-1] o.s.web.servlet.DispatcherServlet        : Completed initialization in 30 ms
14:19:29:567  INFO 18020 --- [http-nio-8081-exec-1] com.zaxxer.hikari.HikariDataSource       : HikariPool-1 - Starting...
14:19:29:897  INFO 18020 --- [http-nio-8081-exec-1] com.zaxxer.hikari.HikariDataSource       : HikariPool-1 - Start completed.
14:19:29:916 DEBUG 18020 --- [http-nio-8081-exec-1] c.h.i.mapper.ItemMapper.selectBatchIds   : ==>  Preparing: SELECT id,name,price,stock,image,category,brand,spec,sold,comment_count,isAD,status,create_time,update_time,creater,updater FROM item WHERE id IN ( ? )
14:19:29:957 DEBUG 18020 --- [http-nio-8081-exec-1] c.h.i.mapper.ItemMapper.selectBatchIds   : ==> Parameters: 100000006163(Long)
14:19:29:997 DEBUG 18020 --- [http-nio-8081-exec-1] c.h.i.mapper.ItemMapper.selectBatchIds   : <==      Total: 1
15:19:47:928  INFO 12300 --- [main] com.hmall.item.ItemApplication           : Starting ItemApplication using Java 11.0.2 on ChengLu with PID 12300 (A:\workspace\hmall\item-service\target\classes started by 92872 in A:\workspace\hmall)
15:19:47:929 DEBUG 12300 --- [main] com.hmall.item.ItemApplication           : Running with Spring Boot v2.7.12, Spring v5.3.27
15:19:47:930  INFO 12300 --- [main] com.hmall.item.ItemApplication           : The following 1 profile is active: "local"
15:19:48:571  INFO 12300 --- [main] o.s.cloud.context.scope.GenericScope     : BeanFactory id=34af7032-8c77-341e-ba46-07b62f1fe288
15:19:48:761  INFO 12300 --- [main] o.s.b.w.embedded.tomcat.TomcatWebServer  : Tomcat initialized with port(s): 8082 (http)
15:19:48:767  INFO 12300 --- [main] o.apache.catalina.core.StandardService   : Starting service [Tomcat]
15:19:48:767  INFO 12300 --- [main] org.apache.catalina.core.StandardEngine  : Starting Servlet engine: [Apache Tomcat/9.0.75]
15:19:48:830  INFO 12300 --- [main] o.a.c.c.C.[Tomcat].[localhost].[/]       : Initializing Spring embedded WebApplicationContext
15:19:48:830  INFO 12300 --- [main] w.s.c.ServletWebServerApplicationContext : Root WebApplicationContext: initialization completed in 878 ms
15:19:50:809  INFO 12300 --- [main] pertySourcedRequestMappingHandlerMapping : Mapped URL path [/v2/api-docs] onto method [springfox.documentation.swagger2.web.Swagger2ControllerWebMvc#getDocumentation(String, HttpServletRequest)]
15:19:51:284  INFO 12300 --- [main] com.alibaba.nacos.common.remote.client   : [RpcClientFactory] create a new rpc client of 64f1b0b1-c7dc-43b0-8054-2e6a5b7fce7a
15:19:51:306  INFO 12300 --- [main] org.reflections.Reflections              : Reflections took 13 ms to scan 1 urls, producing 3 keys and 6 values 
15:19:51:320  INFO 12300 --- [main] org.reflections.Reflections              : Reflections took 6 ms to scan 1 urls, producing 4 keys and 9 values 
15:19:51:325  INFO 12300 --- [main] org.reflections.Reflections              : Reflections took 4 ms to scan 1 urls, producing 3 keys and 10 values 
15:19:51:327  WARN 12300 --- [main] org.reflections.Reflections              : given scan urls are empty. set urls in the configuration
15:19:51:331  INFO 12300 --- [main] org.reflections.Reflections              : Reflections took 4 ms to scan 1 urls, producing 1 keys and 5 values 
15:19:51:337  INFO 12300 --- [main] org.reflections.Reflections              : Reflections took 4 ms to scan 1 urls, producing 1 keys and 7 values 
15:19:51:344  INFO 12300 --- [main] org.reflections.Reflections              : Reflections took 6 ms to scan 1 urls, producing 2 keys and 8 values 
15:19:51:347  WARN 12300 --- [main] org.reflections.Reflections              : given scan urls are empty. set urls in the configuration
15:19:51:347  INFO 12300 --- [main] com.alibaba.nacos.common.remote.client   : [64f1b0b1-c7dc-43b0-8054-2e6a5b7fce7a] RpcClient init label, labels = {module=naming, source=sdk}
15:19:51:348  INFO 12300 --- [main] com.alibaba.nacos.common.remote.client   : [64f1b0b1-c7dc-43b0-8054-2e6a5b7fce7a] RpcClient init, ServerListFactory = com.alibaba.nacos.client.naming.core.ServerListManager
15:19:51:348  INFO 12300 --- [main] com.alibaba.nacos.common.remote.client   : [64f1b0b1-c7dc-43b0-8054-2e6a5b7fce7a] Registry connection listener to current client:com.alibaba.nacos.client.naming.remote.gprc.redo.NamingGrpcRedoService
15:19:51:349  INFO 12300 --- [main] com.alibaba.nacos.common.remote.client   : [64f1b0b1-c7dc-43b0-8054-2e6a5b7fce7a] Register server push request handler:com.alibaba.nacos.client.naming.remote.gprc.NamingPushRequestHandler
15:19:51:350  INFO 12300 --- [main] com.alibaba.nacos.common.remote.client   : [64f1b0b1-c7dc-43b0-8054-2e6a5b7fce7a] Try to connect to server on start up, server: {serverIp = '192.168.240.100', server main port = 8848}
15:19:52:721  INFO 12300 --- [main] com.alibaba.nacos.common.remote.client   : [64f1b0b1-c7dc-43b0-8054-2e6a5b7fce7a] Success to connect to server [192.168.240.100:8848] on start up, connectionId = 1726384792265_192.168.240.1_65220
15:19:52:722  INFO 12300 --- [main] com.alibaba.nacos.common.remote.client   : [64f1b0b1-c7dc-43b0-8054-2e6a5b7fce7a] Register server push request handler:com.alibaba.nacos.common.remote.client.RpcClient$ConnectResetRequestHandler
15:19:52:722  INFO 12300 --- [main] com.alibaba.nacos.common.remote.client   : [64f1b0b1-c7dc-43b0-8054-2e6a5b7fce7a] Register server push request handler:com.alibaba.nacos.common.remote.client.RpcClient$$Lambda$900/0x0000000800683840
15:19:52:722  INFO 12300 --- [com.alibaba.nacos.client.remote.worker] com.alibaba.nacos.common.remote.client   : [64f1b0b1-c7dc-43b0-8054-2e6a5b7fce7a] Notify connected event to listeners.
15:19:52:768  WARN 12300 --- [main] ConfigServletWebServerApplicationContext : Exception encountered during context initialization - cancelling refresh attempt: org.springframework.context.ApplicationContextException: Failed to start bean 'webServerStartStop'; nested exception is org.springframework.boot.web.server.PortInUseException: Port 8082 is already in use
15:19:53:254  INFO 12300 --- [nacos-grpc-client-executor-6] com.alibaba.nacos.common.remote.client   : [64f1b0b1-c7dc-43b0-8054-2e6a5b7fce7a] Receive server push request, request = NotifySubscriberRequest, requestId = 24
15:19:53:270  INFO 12300 --- [nacos-grpc-client-executor-6] com.alibaba.nacos.common.remote.client   : [64f1b0b1-c7dc-43b0-8054-2e6a5b7fce7a] Ack server push request, request = NotifySubscriberRequest, requestId = 24
15:19:53:425  INFO 12300 --- [main] com.alibaba.nacos.common.remote.client   : Shutdown rpc client, set status to shutdown
15:19:53:426  INFO 12300 --- [main] com.alibaba.nacos.common.remote.client   : Shutdown client event executor java.util.concurrent.ScheduledThreadPoolExecutor@1aa31454[Running, pool size = 2, active threads = 2, queued tasks = 0, completed tasks = 0]
15:19:53:426  INFO 12300 --- [main] com.alibaba.nacos.common.remote.client   : Close current connection 1726384792265_192.168.240.1_65220
15:19:53:432  INFO 12300 --- [nacos-grpc-client-executor-7] c.a.n.c.remote.client.grpc.GrpcClient    : [1726384792265_192.168.240.1_65220]Ignore complete event,isRunning:false,isAbandon=false
15:19:53:434  INFO 12300 --- [main] c.a.n.c.remote.client.grpc.GrpcClient    : Shutdown grpc executor java.util.concurrent.ThreadPoolExecutor@113c4ad6[Running, pool size = 8, active threads = 0, queued tasks = 0, completed tasks = 8]
15:19:53:439  INFO 12300 --- [main] com.alibaba.nacos.common.remote.client   : [RpcClientFactory] create a new rpc client of 5e723a4e-4ab6-41dc-a935-82144b485d9b
15:19:53:440  INFO 12300 --- [main] com.alibaba.nacos.common.remote.client   : [5e723a4e-4ab6-41dc-a935-82144b485d9b] RpcClient init label, labels = {module=naming, source=sdk}
15:19:53:441  INFO 12300 --- [main] com.alibaba.nacos.common.remote.client   : [5e723a4e-4ab6-41dc-a935-82144b485d9b] RpcClient init, ServerListFactory = com.alibaba.nacos.client.naming.core.ServerListManager
15:19:53:442  INFO 12300 --- [main] com.alibaba.nacos.common.remote.client   : [5e723a4e-4ab6-41dc-a935-82144b485d9b] Registry connection listener to current client:com.alibaba.nacos.client.naming.remote.gprc.redo.NamingGrpcRedoService
15:19:53:442  INFO 12300 --- [main] com.alibaba.nacos.common.remote.client   : [5e723a4e-4ab6-41dc-a935-82144b485d9b] Register server push request handler:com.alibaba.nacos.client.naming.remote.gprc.NamingPushRequestHandler
15:19:53:442  INFO 12300 --- [main] com.alibaba.nacos.common.remote.client   : [5e723a4e-4ab6-41dc-a935-82144b485d9b] Try to connect to server on start up, server: {serverIp = '192.168.240.100', server main port = 8848}
15:19:53:578  INFO 12300 --- [main] com.alibaba.nacos.common.remote.client   : [5e723a4e-4ab6-41dc-a935-82144b485d9b] Success to connect to server [192.168.240.100:8848] on start up, connectionId = 1726384793169_192.168.240.1_65221
15:19:53:578  INFO 12300 --- [main] com.alibaba.nacos.common.remote.client   : [5e723a4e-4ab6-41dc-a935-82144b485d9b] Register server push request handler:com.alibaba.nacos.common.remote.client.RpcClient$ConnectResetRequestHandler
15:19:53:578  INFO 12300 --- [main] com.alibaba.nacos.common.remote.client   : [5e723a4e-4ab6-41dc-a935-82144b485d9b] Register server push request handler:com.alibaba.nacos.common.remote.client.RpcClient$$Lambda$900/0x0000000800683840
15:19:53:578  INFO 12300 --- [com.alibaba.nacos.client.remote.worker] com.alibaba.nacos.common.remote.client   : [5e723a4e-4ab6-41dc-a935-82144b485d9b] Notify connected event to listeners.
15:19:53:588  INFO 12300 --- [main] o.apache.catalina.core.StandardService   : Stopping service [Tomcat]
15:19:53:596  INFO 12300 --- [main] ConditionEvaluationReportLoggingListener : 

Error starting ApplicationContext. To display the conditions report re-run your application with 'debug' enabled.
15:19:53:607 ERROR 12300 --- [main] o.s.b.d.LoggingFailureAnalysisReporter   : 

***************************
APPLICATION FAILED TO START
***************************

Description:

Web server failed to start. Port 8082 was already in use.

Action:

Identify and stop the process that's listening on port 8082 or configure this application to listen on another port.

15:19:53:608  WARN 12300 --- [Thread-4] c.a.nacos.common.notify.NotifyCenter     : [NotifyCenter] Start destroying Publisher
15:19:53:608  WARN 12300 --- [Thread-7] c.a.n.common.http.HttpClientBeanHolder   : [HttpClientBeanHolder] Start destroying common HttpClient
15:19:53:608  WARN 12300 --- [Thread-4] c.a.nacos.common.notify.NotifyCenter     : [NotifyCenter] Destruction of the end
15:20:10:988  INFO 19512 --- [main] com.hmall.item.ItemApplication           : Starting ItemApplication using Java 11.0.2 on ChengLu with PID 19512 (A:\workspace\hmall\item-service\target\classes started by 92872 in A:\workspace\hmall)
15:20:10:990 DEBUG 19512 --- [main] com.hmall.item.ItemApplication           : Running with Spring Boot v2.7.12, Spring v5.3.27
15:20:10:990  INFO 19512 --- [main] com.hmall.item.ItemApplication           : The following 1 profile is active: "local"
15:20:11:533  INFO 19512 --- [main] o.s.cloud.context.scope.GenericScope     : BeanFactory id=34af7032-8c77-341e-ba46-07b62f1fe288
15:20:11:716  INFO 19512 --- [main] o.s.b.w.embedded.tomcat.TomcatWebServer  : Tomcat initialized with port(s): 8083 (http)
15:20:11:721  INFO 19512 --- [main] o.apache.catalina.core.StandardService   : Starting service [Tomcat]
15:20:11:722  INFO 19512 --- [main] org.apache.catalina.core.StandardEngine  : Starting Servlet engine: [Apache Tomcat/9.0.75]
15:20:11:780  INFO 19512 --- [main] o.a.c.c.C.[Tomcat].[localhost].[/]       : Initializing Spring embedded WebApplicationContext
15:20:11:780  INFO 19512 --- [main] w.s.c.ServletWebServerApplicationContext : Root WebApplicationContext: initialization completed in 763 ms
15:20:13:521  INFO 19512 --- [main] pertySourcedRequestMappingHandlerMapping : Mapped URL path [/v2/api-docs] onto method [springfox.documentation.swagger2.web.Swagger2ControllerWebMvc#getDocumentation(String, HttpServletRequest)]
15:20:14:103  INFO 19512 --- [main] com.alibaba.nacos.common.remote.client   : [RpcClientFactory] create a new rpc client of 0163b29c-1bff-42e8-8b2f-3cf54304105f
15:20:14:126  INFO 19512 --- [main] org.reflections.Reflections              : Reflections took 13 ms to scan 1 urls, producing 3 keys and 6 values 
15:20:14:139  INFO 19512 --- [main] org.reflections.Reflections              : Reflections took 5 ms to scan 1 urls, producing 4 keys and 9 values 
15:20:14:146  INFO 19512 --- [main] org.reflections.Reflections              : Reflections took 4 ms to scan 1 urls, producing 3 keys and 10 values 
15:20:14:147  WARN 19512 --- [main] org.reflections.Reflections              : given scan urls are empty. set urls in the configuration
15:20:14:152  INFO 19512 --- [main] org.reflections.Reflections              : Reflections took 5 ms to scan 1 urls, producing 1 keys and 5 values 
15:20:14:158  INFO 19512 --- [main] org.reflections.Reflections              : Reflections took 5 ms to scan 1 urls, producing 1 keys and 7 values 
15:20:14:164  INFO 19512 --- [main] org.reflections.Reflections              : Reflections took 5 ms to scan 1 urls, producing 2 keys and 8 values 
15:20:14:165  WARN 19512 --- [main] org.reflections.Reflections              : given scan urls are empty. set urls in the configuration
15:20:14:166  INFO 19512 --- [main] com.alibaba.nacos.common.remote.client   : [0163b29c-1bff-42e8-8b2f-3cf54304105f] RpcClient init label, labels = {module=naming, source=sdk}
15:20:14:167  INFO 19512 --- [main] com.alibaba.nacos.common.remote.client   : [0163b29c-1bff-42e8-8b2f-3cf54304105f] RpcClient init, ServerListFactory = com.alibaba.nacos.client.naming.core.ServerListManager
15:20:14:167  INFO 19512 --- [main] com.alibaba.nacos.common.remote.client   : [0163b29c-1bff-42e8-8b2f-3cf54304105f] Registry connection listener to current client:com.alibaba.nacos.client.naming.remote.gprc.redo.NamingGrpcRedoService
15:20:14:167  INFO 19512 --- [main] com.alibaba.nacos.common.remote.client   : [0163b29c-1bff-42e8-8b2f-3cf54304105f] Register server push request handler:com.alibaba.nacos.client.naming.remote.gprc.NamingPushRequestHandler
15:20:14:168  INFO 19512 --- [main] com.alibaba.nacos.common.remote.client   : [0163b29c-1bff-42e8-8b2f-3cf54304105f] Try to connect to server on start up, server: {serverIp = '192.168.240.100', server main port = 8848}
15:20:15:552  INFO 19512 --- [main] com.alibaba.nacos.common.remote.client   : [0163b29c-1bff-42e8-8b2f-3cf54304105f] Success to connect to server [192.168.240.100:8848] on start up, connectionId = 1726384815097_192.168.240.1_65295
15:20:15:554  INFO 19512 --- [main] com.alibaba.nacos.common.remote.client   : [0163b29c-1bff-42e8-8b2f-3cf54304105f] Register server push request handler:com.alibaba.nacos.common.remote.client.RpcClient$ConnectResetRequestHandler
15:20:15:554  INFO 19512 --- [com.alibaba.nacos.client.remote.worker] com.alibaba.nacos.common.remote.client   : [0163b29c-1bff-42e8-8b2f-3cf54304105f] Notify connected event to listeners.
15:20:15:557  INFO 19512 --- [main] com.alibaba.nacos.common.remote.client   : [0163b29c-1bff-42e8-8b2f-3cf54304105f] Register server push request handler:com.alibaba.nacos.common.remote.client.RpcClient$$Lambda$900/0x0000000800683840
15:20:15:609  INFO 19512 --- [main] o.s.b.w.embedded.tomcat.TomcatWebServer  : Tomcat started on port(s): 8083 (http) with context path ''
15:20:15:620  INFO 19512 --- [main] c.a.c.n.registry.NacosServiceRegistry    : nacos registry, DEFAULT_GROUP item-service 192.168.1.59:8083 register finished
15:20:16:003  INFO 19512 --- [main] d.s.w.p.DocumentationPluginsBootstrapper : Documentation plugins bootstrapped
15:20:16:005  INFO 19512 --- [main] d.s.w.p.DocumentationPluginsBootstrapper : Found 1 custom documentation plugin(s)
15:20:16:020  INFO 19512 --- [main] s.d.s.w.s.ApiListingReferenceScanner     : Scanning for api listing references
15:20:16:114  INFO 19512 --- [main] com.hmall.item.ItemApplication           : Started ItemApplication in 5.871 seconds (JVM running for 6.678)
15:20:16:181  INFO 18020 --- [nacos-grpc-client-executor-1184] com.alibaba.nacos.common.remote.client   : [5e8eace5-11a2-4798-ac56-5d7019fea7ea] Receive server push request, request = NotifySubscriberRequest, requestId = 26
15:20:16:199  INFO 19512 --- [nacos-grpc-client-executor-9] com.alibaba.nacos.common.remote.client   : [0163b29c-1bff-42e8-8b2f-3cf54304105f] Receive server push request, request = NotifySubscriberRequest, requestId = 25
15:20:16:201  INFO 18020 --- [nacos-grpc-client-executor-1184] com.alibaba.nacos.common.remote.client   : [5e8eace5-11a2-4798-ac56-5d7019fea7ea] Ack server push request, request = NotifySubscriberRequest, requestId = 26
15:20:16:214  INFO 19512 --- [nacos-grpc-client-executor-9] com.alibaba.nacos.common.remote.client   : [0163b29c-1bff-42e8-8b2f-3cf54304105f] Ack server push request, request = NotifySubscriberRequest, requestId = 25
15:21:36:759  INFO 19512 --- [http-nio-8083-exec-1] o.a.c.c.C.[Tomcat].[localhost].[/]       : Initializing Spring DispatcherServlet 'dispatcherServlet'
15:21:36:759  INFO 19512 --- [http-nio-8083-exec-1] o.s.web.servlet.DispatcherServlet        : Initializing Servlet 'dispatcherServlet'
15:21:36:760  INFO 19512 --- [http-nio-8083-exec-1] o.s.web.servlet.DispatcherServlet        : Completed initialization in 1 ms
16:04:01:899  WARN 18020 --- [Thread-4] c.a.nacos.common.notify.NotifyCenter     : [NotifyCenter] Start destroying Publisher
16:04:01:900  WARN 18020 --- [Thread-7] c.a.n.common.http.HttpClientBeanHolder   : [HttpClientBeanHolder] Start destroying common HttpClient
16:04:01:900  WARN 18020 --- [Thread-4] c.a.nacos.common.notify.NotifyCenter     : [NotifyCenter] Destruction of the end
16:04:01:904  WARN 18020 --- [Thread-7] c.a.n.common.http.HttpClientBeanHolder   : [HttpClientBeanHolder] Destruction of the end
16:04:02:245  INFO 18020 --- [SpringApplicationShutdownHook] c.a.c.n.registry.NacosServiceRegistry    : De-registering from Nacos Server now...
16:04:02:252  INFO 18020 --- [SpringApplicationShutdownHook] c.a.c.n.registry.NacosServiceRegistry    : De-registration finished.
16:04:02:582  INFO 18020 --- [SpringApplicationShutdownHook] com.alibaba.nacos.common.remote.client   : Shutdown rpc client, set status to shutdown
16:04:02:582  INFO 18020 --- [SpringApplicationShutdownHook] com.alibaba.nacos.common.remote.client   : Shutdown client event executor java.util.concurrent.ScheduledThreadPoolExecutor@7a043bd2[Running, pool size = 2, active threads = 2, queued tasks = 0, completed tasks = 0]
16:04:02:582  INFO 18020 --- [SpringApplicationShutdownHook] com.alibaba.nacos.common.remote.client   : Close current connection 1726379147367_192.168.240.1_57592
16:04:02:585  INFO 18020 --- [nacos-grpc-client-executor-1722] c.a.n.c.remote.client.grpc.GrpcClient    : [1726379147367_192.168.240.1_57592]Ignore complete event,isRunning:false,isAbandon=false
16:04:02:591  INFO 18020 --- [SpringApplicationShutdownHook] c.a.n.c.remote.client.grpc.GrpcClient    : Shutdown grpc executor java.util.concurrent.ThreadPoolExecutor@840d684[Running, pool size = 5, active threads = 0, queued tasks = 0, completed tasks = 1723]
16:04:02:607  INFO 18020 --- [SpringApplicationShutdownHook] com.zaxxer.hikari.HikariDataSource       : HikariPool-1 - Shutdown initiated...
16:04:02:627  INFO 18020 --- [SpringApplicationShutdownHook] com.zaxxer.hikari.HikariDataSource       : HikariPool-1 - Shutdown completed.
16:04:02:797  INFO 19512 --- [nacos-grpc-client-executor-547] com.alibaba.nacos.common.remote.client   : [0163b29c-1bff-42e8-8b2f-3cf54304105f] Receive server push request, request = NotifySubscriberRequest, requestId = 29
16:04:02:823  INFO 19512 --- [nacos-grpc-client-executor-547] com.alibaba.nacos.common.remote.client   : [0163b29c-1bff-42e8-8b2f-3cf54304105f] Ack server push request, request = NotifySubscriberRequest, requestId = 29
16:04:09:491  INFO 7844 --- [main] com.hmall.item.ItemApplication           : Starting ItemApplication using Java 11.0.2 on ChengLu with PID 7844 (A:\workspace\hmall\item-service\target\classes started by 92872 in A:\workspace\hmall)
16:04:09:492 DEBUG 7844 --- [main] com.hmall.item.ItemApplication           : Running with Spring Boot v2.7.12, Spring v5.3.27
16:04:09:492  INFO 7844 --- [main] com.hmall.item.ItemApplication           : The following 1 profile is active: "local"
16:04:10:115  INFO 7844 --- [main] o.s.cloud.context.scope.GenericScope     : BeanFactory id=5eb388d5-42d4-33f2-8739-bfbbfa837c75
16:04:10:323  INFO 7844 --- [main] o.s.b.w.embedded.tomcat.TomcatWebServer  : Tomcat initialized with port(s): 8081 (http)
16:04:10:328  INFO 7844 --- [main] o.apache.catalina.core.StandardService   : Starting service [Tomcat]
16:04:10:328  INFO 7844 --- [main] org.apache.catalina.core.StandardEngine  : Starting Servlet engine: [Apache Tomcat/9.0.75]
16:04:10:412  INFO 7844 --- [main] o.a.c.c.C.[Tomcat].[localhost].[/]       : Initializing Spring embedded WebApplicationContext
16:04:10:412  INFO 7844 --- [main] w.s.c.ServletWebServerApplicationContext : Root WebApplicationContext: initialization completed in 896 ms
16:04:12:258  INFO 7844 --- [main] pertySourcedRequestMappingHandlerMapping : Mapped URL path [/v2/api-docs] onto method [springfox.documentation.swagger2.web.Swagger2ControllerWebMvc#getDocumentation(String, HttpServletRequest)]
16:04:12:798  INFO 7844 --- [main] com.alibaba.nacos.common.remote.client   : [RpcClientFactory] create a new rpc client of 36a85618-1b2a-4a8c-85a3-a5cac651cce6
16:04:12:822  INFO 7844 --- [main] org.reflections.Reflections              : Reflections took 13 ms to scan 1 urls, producing 3 keys and 6 values 
16:04:12:836  INFO 7844 --- [main] org.reflections.Reflections              : Reflections took 5 ms to scan 1 urls, producing 4 keys and 9 values 
16:04:12:841  INFO 7844 --- [main] org.reflections.Reflections              : Reflections took 4 ms to scan 1 urls, producing 3 keys and 10 values 
16:04:12:843  WARN 7844 --- [main] org.reflections.Reflections              : given scan urls are empty. set urls in the configuration
16:04:12:847  INFO 7844 --- [main] org.reflections.Reflections              : Reflections took 4 ms to scan 1 urls, producing 1 keys and 5 values 
16:04:12:852  INFO 7844 --- [main] org.reflections.Reflections              : Reflections took 4 ms to scan 1 urls, producing 1 keys and 7 values 
16:04:12:858  INFO 7844 --- [main] org.reflections.Reflections              : Reflections took 5 ms to scan 1 urls, producing 2 keys and 8 values 
16:04:12:859  WARN 7844 --- [main] org.reflections.Reflections              : given scan urls are empty. set urls in the configuration
16:04:12:860  INFO 7844 --- [main] com.alibaba.nacos.common.remote.client   : [36a85618-1b2a-4a8c-85a3-a5cac651cce6] RpcClient init label, labels = {module=naming, source=sdk}
16:04:12:862  INFO 7844 --- [main] com.alibaba.nacos.common.remote.client   : [36a85618-1b2a-4a8c-85a3-a5cac651cce6] RpcClient init, ServerListFactory = com.alibaba.nacos.client.naming.core.ServerListManager
16:04:12:862  INFO 7844 --- [main] com.alibaba.nacos.common.remote.client   : [36a85618-1b2a-4a8c-85a3-a5cac651cce6] Registry connection listener to current client:com.alibaba.nacos.client.naming.remote.gprc.redo.NamingGrpcRedoService
16:04:12:862  INFO 7844 --- [main] com.alibaba.nacos.common.remote.client   : [36a85618-1b2a-4a8c-85a3-a5cac651cce6] Register server push request handler:com.alibaba.nacos.client.naming.remote.gprc.NamingPushRequestHandler
16:04:12:863  INFO 7844 --- [main] com.alibaba.nacos.common.remote.client   : [36a85618-1b2a-4a8c-85a3-a5cac651cce6] Try to connect to server on start up, server: {serverIp = '192.168.240.100', server main port = 8848}
16:04:14:351  INFO 7844 --- [main] com.alibaba.nacos.common.remote.client   : [36a85618-1b2a-4a8c-85a3-a5cac651cce6] Success to connect to server [192.168.240.100:8848] on start up, connectionId = 1726387453928_192.168.240.1_62044
16:04:14:353  INFO 7844 --- [main] com.alibaba.nacos.common.remote.client   : [36a85618-1b2a-4a8c-85a3-a5cac651cce6] Register server push request handler:com.alibaba.nacos.common.remote.client.RpcClient$ConnectResetRequestHandler
16:04:14:355  INFO 7844 --- [main] com.alibaba.nacos.common.remote.client   : [36a85618-1b2a-4a8c-85a3-a5cac651cce6] Register server push request handler:com.alibaba.nacos.common.remote.client.RpcClient$$Lambda$934/0x00000008006bcc40
16:04:14:352  INFO 7844 --- [com.alibaba.nacos.client.remote.worker] com.alibaba.nacos.common.remote.client   : [36a85618-1b2a-4a8c-85a3-a5cac651cce6] Notify connected event to listeners.
16:04:14:421  INFO 7844 --- [main] o.s.b.w.embedded.tomcat.TomcatWebServer  : Tomcat started on port(s): 8081 (http) with context path ''
16:04:14:428  INFO 7844 --- [main] c.a.c.n.registry.NacosServiceRegistry    : nacos registry, DEFAULT_GROUP item-service 192.168.1.59:8081 register finished
16:04:14:822  INFO 7844 --- [main] d.s.w.p.DocumentationPluginsBootstrapper : Documentation plugins bootstrapped
16:04:14:825  INFO 7844 --- [main] d.s.w.p.DocumentationPluginsBootstrapper : Found 1 custom documentation plugin(s)
16:04:14:841  INFO 7844 --- [main] s.d.s.w.s.ApiListingReferenceScanner     : Scanning for api listing references
16:04:14:917  INFO 7844 --- [main] com.hmall.item.ItemApplication           : Started ItemApplication in 6.202 seconds (JVM running for 6.951)
16:04:14:955  INFO 19512 --- [nacos-grpc-client-executor-549] com.alibaba.nacos.common.remote.client   : [0163b29c-1bff-42e8-8b2f-3cf54304105f] Receive server push request, request = NotifySubscriberRequest, requestId = 31
16:04:14:968  INFO 7844 --- [nacos-grpc-client-executor-9] com.alibaba.nacos.common.remote.client   : [36a85618-1b2a-4a8c-85a3-a5cac651cce6] Receive server push request, request = NotifySubscriberRequest, requestId = 32
16:04:14:970  INFO 19512 --- [nacos-grpc-client-executor-549] com.alibaba.nacos.common.remote.client   : [0163b29c-1bff-42e8-8b2f-3cf54304105f] Ack server push request, request = NotifySubscriberRequest, requestId = 31
16:04:14:970  INFO 7844 --- [nacos-grpc-client-executor-9] com.alibaba.nacos.common.remote.client   : [36a85618-1b2a-4a8c-85a3-a5cac651cce6] Ack server push request, request = NotifySubscriberRequest, requestId = 32
16:04:32:684  WARN 19512 --- [Thread-4] c.a.nacos.common.notify.NotifyCenter     : [NotifyCenter] Start destroying Publisher
16:04:32:684  WARN 19512 --- [Thread-7] c.a.n.common.http.HttpClientBeanHolder   : [HttpClientBeanHolder] Start destroying common HttpClient
16:04:32:684  WARN 19512 --- [Thread-4] c.a.nacos.common.notify.NotifyCenter     : [NotifyCenter] Destruction of the end
16:04:32:684  WARN 19512 --- [Thread-7] c.a.n.common.http.HttpClientBeanHolder   : [HttpClientBeanHolder] Destruction of the end
16:04:33:021  INFO 19512 --- [SpringApplicationShutdownHook] c.a.c.n.registry.NacosServiceRegistry    : De-registering from Nacos Server now...
16:04:33:026  INFO 19512 --- [SpringApplicationShutdownHook] c.a.c.n.registry.NacosServiceRegistry    : De-registration finished.
16:04:33:349  INFO 19512 --- [SpringApplicationShutdownHook] com.alibaba.nacos.common.remote.client   : Shutdown rpc client, set status to shutdown
16:04:33:350  INFO 19512 --- [SpringApplicationShutdownHook] com.alibaba.nacos.common.remote.client   : Shutdown client event executor java.util.concurrent.ScheduledThreadPoolExecutor@6a0f4251[Running, pool size = 2, active threads = 2, queued tasks = 0, completed tasks = 0]
16:04:33:350  INFO 19512 --- [SpringApplicationShutdownHook] com.alibaba.nacos.common.remote.client   : Close current connection 1726384815097_192.168.240.1_65295
16:04:33:351  INFO 19512 --- [nacos-grpc-client-executor-555] c.a.n.c.remote.client.grpc.GrpcClient    : [1726384815097_192.168.240.1_65295]Ignore complete event,isRunning:false,isAbandon=false
16:04:33:354  INFO 19512 --- [SpringApplicationShutdownHook] c.a.n.c.remote.client.grpc.GrpcClient    : Shutdown grpc executor java.util.concurrent.ThreadPoolExecutor@b0d2f48[Running, pool size = 5, active threads = 0, queued tasks = 0, completed tasks = 556]
16:04:33:539  INFO 7844 --- [nacos-grpc-client-executor-14] com.alibaba.nacos.common.remote.client   : [36a85618-1b2a-4a8c-85a3-a5cac651cce6] Receive server push request, request = NotifySubscriberRequest, requestId = 34
16:04:33:557  INFO 7844 --- [nacos-grpc-client-executor-14] com.alibaba.nacos.common.remote.client   : [36a85618-1b2a-4a8c-85a3-a5cac651cce6] Ack server push request, request = NotifySubscriberRequest, requestId = 34
16:04:37:067  INFO 28040 --- [main] com.hmall.item.ItemApplication           : Starting ItemApplication using Java 11.0.2 on ChengLu with PID 28040 (A:\workspace\hmall\item-service\target\classes started by 92872 in A:\workspace\hmall)
16:04:37:068 DEBUG 28040 --- [main] com.hmall.item.ItemApplication           : Running with Spring Boot v2.7.12, Spring v5.3.27
16:04:37:069  INFO 28040 --- [main] com.hmall.item.ItemApplication           : The following 1 profile is active: "local"
16:04:37:668  INFO 28040 --- [main] o.s.cloud.context.scope.GenericScope     : BeanFactory id=5eb388d5-42d4-33f2-8739-bfbbfa837c75
16:04:37:873  INFO 28040 --- [main] o.s.b.w.embedded.tomcat.TomcatWebServer  : Tomcat initialized with port(s): 8083 (http)
16:04:37:880  INFO 28040 --- [main] o.apache.catalina.core.StandardService   : Starting service [Tomcat]
16:04:37:880  INFO 28040 --- [main] org.apache.catalina.core.StandardEngine  : Starting Servlet engine: [Apache Tomcat/9.0.75]
16:04:37:959  INFO 28040 --- [main] o.a.c.c.C.[Tomcat].[localhost].[/]       : Initializing Spring embedded WebApplicationContext
16:04:37:959  INFO 28040 --- [main] w.s.c.ServletWebServerApplicationContext : Root WebApplicationContext: initialization completed in 867 ms
16:04:39:786  INFO 28040 --- [main] pertySourcedRequestMappingHandlerMapping : Mapped URL path [/v2/api-docs] onto method [springfox.documentation.swagger2.web.Swagger2ControllerWebMvc#getDocumentation(String, HttpServletRequest)]
16:04:40:310  INFO 28040 --- [main] com.alibaba.nacos.common.remote.client   : [RpcClientFactory] create a new rpc client of fb8fe9cf-09a3-4532-8c1f-b61a6ce72d43
16:04:40:332  INFO 28040 --- [main] org.reflections.Reflections              : Reflections took 12 ms to scan 1 urls, producing 3 keys and 6 values 
16:04:40:347  INFO 28040 --- [main] org.reflections.Reflections              : Reflections took 6 ms to scan 1 urls, producing 4 keys and 9 values 
16:04:40:353  INFO 28040 --- [main] org.reflections.Reflections              : Reflections took 5 ms to scan 1 urls, producing 3 keys and 10 values 
16:04:40:354  WARN 28040 --- [main] org.reflections.Reflections              : given scan urls are empty. set urls in the configuration
16:04:40:358  INFO 28040 --- [main] org.reflections.Reflections              : Reflections took 3 ms to scan 1 urls, producing 1 keys and 5 values 
16:04:40:364  INFO 28040 --- [main] org.reflections.Reflections              : Reflections took 4 ms to scan 1 urls, producing 1 keys and 7 values 
16:04:40:369  INFO 28040 --- [main] org.reflections.Reflections              : Reflections took 4 ms to scan 1 urls, producing 2 keys and 8 values 
16:04:40:370  WARN 28040 --- [main] org.reflections.Reflections              : given scan urls are empty. set urls in the configuration
16:04:40:371  INFO 28040 --- [main] com.alibaba.nacos.common.remote.client   : [fb8fe9cf-09a3-4532-8c1f-b61a6ce72d43] RpcClient init label, labels = {module=naming, source=sdk}
16:04:40:372  INFO 28040 --- [main] com.alibaba.nacos.common.remote.client   : [fb8fe9cf-09a3-4532-8c1f-b61a6ce72d43] RpcClient init, ServerListFactory = com.alibaba.nacos.client.naming.core.ServerListManager
16:04:40:372  INFO 28040 --- [main] com.alibaba.nacos.common.remote.client   : [fb8fe9cf-09a3-4532-8c1f-b61a6ce72d43] Registry connection listener to current client:com.alibaba.nacos.client.naming.remote.gprc.redo.NamingGrpcRedoService
16:04:40:373  INFO 28040 --- [main] com.alibaba.nacos.common.remote.client   : [fb8fe9cf-09a3-4532-8c1f-b61a6ce72d43] Register server push request handler:com.alibaba.nacos.client.naming.remote.gprc.NamingPushRequestHandler
16:04:40:373  INFO 28040 --- [main] com.alibaba.nacos.common.remote.client   : [fb8fe9cf-09a3-4532-8c1f-b61a6ce72d43] Try to connect to server on start up, server: {serverIp = '192.168.240.100', server main port = 8848}
16:04:41:832  INFO 28040 --- [main] com.alibaba.nacos.common.remote.client   : [fb8fe9cf-09a3-4532-8c1f-b61a6ce72d43] Success to connect to server [192.168.240.100:8848] on start up, connectionId = 1726387481413_192.168.240.1_62142
16:04:41:833  INFO 28040 --- [com.alibaba.nacos.client.remote.worker] com.alibaba.nacos.common.remote.client   : [fb8fe9cf-09a3-4532-8c1f-b61a6ce72d43] Notify connected event to listeners.
16:04:41:835  INFO 28040 --- [main] com.alibaba.nacos.common.remote.client   : [fb8fe9cf-09a3-4532-8c1f-b61a6ce72d43] Register server push request handler:com.alibaba.nacos.common.remote.client.RpcClient$ConnectResetRequestHandler
16:04:41:838  INFO 28040 --- [main] com.alibaba.nacos.common.remote.client   : [fb8fe9cf-09a3-4532-8c1f-b61a6ce72d43] Register server push request handler:com.alibaba.nacos.common.remote.client.RpcClient$$Lambda$934/0x00000008006bcc40
16:04:41:888  INFO 28040 --- [main] o.s.b.w.embedded.tomcat.TomcatWebServer  : Tomcat started on port(s): 8083 (http) with context path ''
16:04:41:900  INFO 28040 --- [main] c.a.c.n.registry.NacosServiceRegistry    : nacos registry, DEFAULT_GROUP item-service 192.168.1.59:8083 register finished
16:04:42:291  INFO 28040 --- [main] d.s.w.p.DocumentationPluginsBootstrapper : Documentation plugins bootstrapped
16:04:42:294  INFO 28040 --- [main] d.s.w.p.DocumentationPluginsBootstrapper : Found 1 custom documentation plugin(s)
16:04:42:313  INFO 28040 --- [main] s.d.s.w.s.ApiListingReferenceScanner     : Scanning for api listing references
16:04:42:371  INFO 7844 --- [nacos-grpc-client-executor-15] com.alibaba.nacos.common.remote.client   : [36a85618-1b2a-4a8c-85a3-a5cac651cce6] Receive server push request, request = NotifySubscriberRequest, requestId = 36
16:04:42:381  INFO 28040 --- [nacos-grpc-client-executor-8] com.alibaba.nacos.common.remote.client   : [fb8fe9cf-09a3-4532-8c1f-b61a6ce72d43] Receive server push request, request = NotifySubscriberRequest, requestId = 38
16:04:42:387  INFO 7844 --- [nacos-grpc-client-executor-15] com.alibaba.nacos.common.remote.client   : [36a85618-1b2a-4a8c-85a3-a5cac651cce6] Ack server push request, request = NotifySubscriberRequest, requestId = 36
16:04:42:387  INFO 28040 --- [nacos-grpc-client-executor-8] com.alibaba.nacos.common.remote.client   : [fb8fe9cf-09a3-4532-8c1f-b61a6ce72d43] Ack server push request, request = NotifySubscriberRequest, requestId = 38
16:04:42:392  INFO 28040 --- [main] com.hmall.item.ItemApplication           : Started ItemApplication in 6.176 seconds (JVM running for 6.982)
16:04:47:175  WARN 7844 --- [Thread-4] c.a.nacos.common.notify.NotifyCenter     : [NotifyCenter] Start destroying Publisher
16:04:47:176  WARN 7844 --- [Thread-7] c.a.n.common.http.HttpClientBeanHolder   : [HttpClientBeanHolder] Start destroying common HttpClient
16:04:47:176  WARN 7844 --- [Thread-4] c.a.nacos.common.notify.NotifyCenter     : [NotifyCenter] Destruction of the end
16:04:47:177  WARN 7844 --- [Thread-7] c.a.n.common.http.HttpClientBeanHolder   : [HttpClientBeanHolder] Destruction of the end
16:04:47:446  INFO 7844 --- [SpringApplicationShutdownHook] c.a.c.n.registry.NacosServiceRegistry    : De-registering from Nacos Server now...
16:04:47:450  INFO 7844 --- [SpringApplicationShutdownHook] c.a.c.n.registry.NacosServiceRegistry    : De-registration finished.
16:04:47:778  INFO 7844 --- [SpringApplicationShutdownHook] com.alibaba.nacos.common.remote.client   : Shutdown rpc client, set status to shutdown
16:04:47:778  INFO 7844 --- [SpringApplicationShutdownHook] com.alibaba.nacos.common.remote.client   : Shutdown client event executor java.util.concurrent.ScheduledThreadPoolExecutor@560a010e[Running, pool size = 2, active threads = 2, queued tasks = 0, completed tasks = 0]
16:04:47:778  INFO 7844 --- [SpringApplicationShutdownHook] com.alibaba.nacos.common.remote.client   : Close current connection 1726387453928_192.168.240.1_62044
16:04:47:782  INFO 7844 --- [SpringApplicationShutdownHook] c.a.n.c.remote.client.grpc.GrpcClient    : Shutdown grpc executor java.util.concurrent.ThreadPoolExecutor@18b573ab[Running, pool size = 3, active threads = 0, queued tasks = 0, completed tasks = 18]
16:04:48:002  INFO 28040 --- [nacos-grpc-client-executor-10] com.alibaba.nacos.common.remote.client   : [fb8fe9cf-09a3-4532-8c1f-b61a6ce72d43] Receive server push request, request = NotifySubscriberRequest, requestId = 40
16:04:48:017  INFO 28040 --- [nacos-grpc-client-executor-10] com.alibaba.nacos.common.remote.client   : [fb8fe9cf-09a3-4532-8c1f-b61a6ce72d43] Ack server push request, request = NotifySubscriberRequest, requestId = 40
16:04:50:976  INFO 12880 --- [main] com.hmall.item.ItemApplication           : Starting ItemApplication using Java 11.0.2 on ChengLu with PID 12880 (A:\workspace\hmall\item-service\target\classes started by 92872 in A:\workspace\hmall)
16:04:50:977 DEBUG 12880 --- [main] com.hmall.item.ItemApplication           : Running with Spring Boot v2.7.12, Spring v5.3.27
16:04:50:977  INFO 12880 --- [main] com.hmall.item.ItemApplication           : The following 1 profile is active: "local"
16:04:51:576  INFO 12880 --- [main] o.s.cloud.context.scope.GenericScope     : BeanFactory id=5eb388d5-42d4-33f2-8739-bfbbfa837c75
16:04:51:773  INFO 12880 --- [main] o.s.b.w.embedded.tomcat.TomcatWebServer  : Tomcat initialized with port(s): 8081 (http)
16:04:51:777  INFO 12880 --- [main] o.apache.catalina.core.StandardService   : Starting service [Tomcat]
16:04:51:777  INFO 12880 --- [main] org.apache.catalina.core.StandardEngine  : Starting Servlet engine: [Apache Tomcat/9.0.75]
16:04:51:855  INFO 12880 --- [main] o.a.c.c.C.[Tomcat].[localhost].[/]       : Initializing Spring embedded WebApplicationContext
16:04:51:855  INFO 12880 --- [main] w.s.c.ServletWebServerApplicationContext : Root WebApplicationContext: initialization completed in 853 ms
16:04:53:729  INFO 12880 --- [main] pertySourcedRequestMappingHandlerMapping : Mapped URL path [/v2/api-docs] onto method [springfox.documentation.swagger2.web.Swagger2ControllerWebMvc#getDocumentation(String, HttpServletRequest)]
16:04:54:249  INFO 12880 --- [main] com.alibaba.nacos.common.remote.client   : [RpcClientFactory] create a new rpc client of 13634ac5-7d86-4abf-aee6-a445c93f4f6f
16:04:54:271  INFO 12880 --- [main] org.reflections.Reflections              : Reflections took 12 ms to scan 1 urls, producing 3 keys and 6 values 
16:04:54:284  INFO 12880 --- [main] org.reflections.Reflections              : Reflections took 5 ms to scan 1 urls, producing 4 keys and 9 values 
16:04:54:290  INFO 12880 --- [main] org.reflections.Reflections              : Reflections took 4 ms to scan 1 urls, producing 3 keys and 10 values 
16:04:54:291  WARN 12880 --- [main] org.reflections.Reflections              : given scan urls are empty. set urls in the configuration
16:04:54:295  INFO 12880 --- [main] org.reflections.Reflections              : Reflections took 3 ms to scan 1 urls, producing 1 keys and 5 values 
16:04:54:301  INFO 12880 --- [main] org.reflections.Reflections              : Reflections took 3 ms to scan 1 urls, producing 1 keys and 7 values 
16:04:54:308  INFO 12880 --- [main] org.reflections.Reflections              : Reflections took 6 ms to scan 1 urls, producing 2 keys and 8 values 
16:04:54:308  WARN 12880 --- [main] org.reflections.Reflections              : given scan urls are empty. set urls in the configuration
16:04:54:310  INFO 12880 --- [main] com.alibaba.nacos.common.remote.client   : [13634ac5-7d86-4abf-aee6-a445c93f4f6f] RpcClient init label, labels = {module=naming, source=sdk}
16:04:54:311  INFO 12880 --- [main] com.alibaba.nacos.common.remote.client   : [13634ac5-7d86-4abf-aee6-a445c93f4f6f] RpcClient init, ServerListFactory = com.alibaba.nacos.client.naming.core.ServerListManager
16:04:54:311  INFO 12880 --- [main] com.alibaba.nacos.common.remote.client   : [13634ac5-7d86-4abf-aee6-a445c93f4f6f] Registry connection listener to current client:com.alibaba.nacos.client.naming.remote.gprc.redo.NamingGrpcRedoService
16:04:54:311  INFO 12880 --- [main] com.alibaba.nacos.common.remote.client   : [13634ac5-7d86-4abf-aee6-a445c93f4f6f] Register server push request handler:com.alibaba.nacos.client.naming.remote.gprc.NamingPushRequestHandler
16:04:54:312  INFO 12880 --- [main] com.alibaba.nacos.common.remote.client   : [13634ac5-7d86-4abf-aee6-a445c93f4f6f] Try to connect to server on start up, server: {serverIp = '192.168.240.100', server main port = 8848}
16:04:55:659  INFO 12880 --- [main] com.alibaba.nacos.common.remote.client   : [13634ac5-7d86-4abf-aee6-a445c93f4f6f] Success to connect to server [192.168.240.100:8848] on start up, connectionId = 1726387495242_192.168.240.1_62220
16:04:55:661  INFO 12880 --- [main] com.alibaba.nacos.common.remote.client   : [13634ac5-7d86-4abf-aee6-a445c93f4f6f] Register server push request handler:com.alibaba.nacos.common.remote.client.RpcClient$ConnectResetRequestHandler
16:04:55:660  INFO 12880 --- [com.alibaba.nacos.client.remote.worker] com.alibaba.nacos.common.remote.client   : [13634ac5-7d86-4abf-aee6-a445c93f4f6f] Notify connected event to listeners.
16:04:55:663  INFO 12880 --- [main] com.alibaba.nacos.common.remote.client   : [13634ac5-7d86-4abf-aee6-a445c93f4f6f] Register server push request handler:com.alibaba.nacos.common.remote.client.RpcClient$$Lambda$934/0x00000008006bcc40
16:04:55:728  INFO 12880 --- [main] o.s.b.w.embedded.tomcat.TomcatWebServer  : Tomcat started on port(s): 8081 (http) with context path ''
16:04:55:736  INFO 12880 --- [main] c.a.c.n.registry.NacosServiceRegistry    : nacos registry, DEFAULT_GROUP item-service 192.168.1.59:8081 register finished
16:04:56:118  INFO 12880 --- [main] d.s.w.p.DocumentationPluginsBootstrapper : Documentation plugins bootstrapped
16:04:56:120  INFO 12880 --- [main] d.s.w.p.DocumentationPluginsBootstrapper : Found 1 custom documentation plugin(s)
16:04:56:140  INFO 12880 --- [main] s.d.s.w.s.ApiListingReferenceScanner     : Scanning for api listing references
16:04:56:216  INFO 12880 --- [main] com.hmall.item.ItemApplication           : Started ItemApplication in 6.003 seconds (JVM running for 6.773)
16:04:56:236  INFO 28040 --- [nacos-grpc-client-executor-12] com.alibaba.nacos.common.remote.client   : [fb8fe9cf-09a3-4532-8c1f-b61a6ce72d43] Receive server push request, request = NotifySubscriberRequest, requestId = 43
16:04:56:245  INFO 12880 --- [nacos-grpc-client-executor-8] com.alibaba.nacos.common.remote.client   : [13634ac5-7d86-4abf-aee6-a445c93f4f6f] Receive server push request, request = NotifySubscriberRequest, requestId = 41
16:04:56:248  INFO 12880 --- [nacos-grpc-client-executor-8] com.alibaba.nacos.common.remote.client   : [13634ac5-7d86-4abf-aee6-a445c93f4f6f] Ack server push request, request = NotifySubscriberRequest, requestId = 41
16:04:56:248  INFO 28040 --- [nacos-grpc-client-executor-12] com.alibaba.nacos.common.remote.client   : [fb8fe9cf-09a3-4532-8c1f-b61a6ce72d43] Ack server push request, request = NotifySubscriberRequest, requestId = 43
